Using pre-set license
Built from '2021.3/staging' branch; Version is '2021.3.11f1 (0a5ca18544bf) revision 679073'; Using compiler version '192829333'; Build Type 'Release'
OS: 'Windows 10  (10.0.19045) 64bit Professional' Language: 'pt' Physical Memory: 32146 MB
BatchMode: 1, IsHumanControllingUs: 0, StartBugReporterOnCrash: 0, Is64bit: 1, IsPro: 1

COMMAND LINE ARGUMENTS:
C:\Program Files\Unity\Hub\Editor\2021.3.11f1\Editor\Unity.exe
-adb2
-batchMode
-noUpm
-name
AssetImportWorker5
-projectPath
C:/Users/Luiz/Documents/Jogo-Trilha-Lagoa-da-Mata
-logFile
Logs/AssetImportWorker5.log
-srvPort
55571
Successfully changed project path to: C:/Users/Luiz/Documents/Jogo-Trilha-Lagoa-da-Mata
C:/Users/Luiz/Documents/Jogo-Trilha-Lagoa-da-Mata
[UnityMemory] Configuration Parameters - Can be set up in boot.config
    "memorysetup-bucket-allocator-granularity=16"
    "memorysetup-bucket-allocator-bucket-count=8"
    "memorysetup-bucket-allocator-block-size=33554432"
    "memorysetup-bucket-allocator-block-count=8"
    "memorysetup-main-allocator-block-size=16777216"
    "memorysetup-thread-allocator-block-size=16777216"
    "memorysetup-gfx-main-allocator-block-size=16777216"
    "memorysetup-gfx-thread-allocator-block-size=16777216"
    "memorysetup-cache-allocator-block-size=4194304"
    "memorysetup-typetree-allocator-block-size=2097152"
    "memorysetup-profiler-bucket-allocator-granularity=16"
    "memorysetup-profiler-bucket-allocator-bucket-count=8"
    "memorysetup-profiler-bucket-allocator-block-size=33554432"
    "memorysetup-profiler-bucket-allocator-block-count=8"
    "memorysetup-profiler-allocator-block-size=16777216"
    "memorysetup-profiler-editor-allocator-block-size=1048576"
    "memorysetup-temp-allocator-size-main=16777216"
    "memorysetup-job-temp-allocator-block-size=2097152"
    "memorysetup-job-temp-allocator-block-size-background=1048576"
    "memorysetup-job-temp-allocator-reduction-small-platforms=262144"
    "memorysetup-temp-allocator-size-background-worker=32768"
    "memorysetup-temp-allocator-size-job-worker=262144"
    "memorysetup-temp-allocator-size-preload-manager=33554432"
    "memorysetup-temp-allocator-size-nav-mesh-worker=65536"
    "memorysetup-temp-allocator-size-audio-worker=65536"
    "memorysetup-temp-allocator-size-cloud-worker=32768"
    "memorysetup-temp-allocator-size-gi-baking-worker=262144"
    "memorysetup-temp-allocator-size-gfx=262144"
Refreshing native plugins compatible for Editor in 163.23 ms, found 15 plugins.
Preloading 2 native plugins for Editor in 2.40 ms.
Initialize engine version: 2021.3.11f1 (0a5ca18544bf)
[Subsystems] Discovering subsystems at path C:/Program Files/Unity/Hub/Editor/2021.3.11f1/Editor/Data/Resources/UnitySubsystems
[Subsystems] Discovering subsystems at path C:/Users/Luiz/Documents/Jogo-Trilha-Lagoa-da-Mata/Assets
GfxDevice: creating device client; threaded=0; jobified=0
Direct3D:
    Version:  Direct3D 11.0 [level 11.1]
    Renderer: AMD Radeon(TM) Graphics (ID=0x1636)
    Vendor:   ATI
    VRAM:     16073 MB
    Driver:   31.0.21921.1000
Shader 'Oculus/OVRMRCameraFrameLit': fallback shader 'Alpha-Diffuse' not found
Shader 'MTE/Specialized/Mali 400/Surface/3 Textures/Bumped': fallback shader 'MTE/Specialized/Mali 400/Legacy/3 Textures/Diffuse' not found
Shader 'MTE/Specialized/Mali 400/Surface/2 Textures/Bumped': fallback shader 'MTE/Specialized/Mali 400/Legacy/2 Textures/Diffuse' not found
Initialize mono
Mono path[0] = 'C:/Program Files/Unity/Hub/Editor/2021.3.11f1/Editor/Data/Managed'
Mono path[1] = 'C:/Program Files/Unity/Hub/Editor/2021.3.11f1/Editor/Data/MonoBleedingEdge/lib/mono/unityjit-win32'
Mono config path = 'C:/Program Files/Unity/Hub/Editor/2021.3.11f1/Editor/Data/MonoBleedingEdge/etc'
Using monoOptions --debugger-agent=transport=dt_socket,embedding=1,server=y,suspend=n,address=127.0.0.1:56060
Begin MonoManager ReloadAssembly
Registering precompiled unity dll's ...
Register platform support module: C:/Program Files/Unity/Hub/Editor/2021.3.11f1/Editor/Data/PlaybackEngines/AndroidPlayer/UnityEditor.Android.Extensions.dll
Register platform support module: C:/Program Files/Unity/Hub/Editor/2021.3.11f1/Editor/Data/PlaybackEngines/WindowsStandaloneSupport/UnityEditor.WindowsStandalone.Extensions.dll
Registered in 0.004508 seconds.
Native extension for WindowsStandalone target not found
Native extension for Android target not found
Refreshing native plugins compatible for Editor in 144.00 ms, found 15 plugins.
Preloading 2 native plugins for Editor in 0.06 ms.
Mono: successfully reloaded assembly
- Completed reload, in  0.637 seconds
Domain Reload Profiling:
	ReloadAssembly (637ms)
		BeginReloadAssembly (60ms)
			ExecutionOrderSort (0ms)
			DisableScriptedObjects (0ms)
			BackupInstance (0ms)
			ReleaseScriptingObjects (0ms)
			CreateAndSetChildDomain (1ms)
		EndReloadAssembly (485ms)
			LoadAssemblies (59ms)
			RebuildTransferFunctionScriptingTraits (0ms)
			SetupTypeCache (92ms)
			ReleaseScriptCaches (0ms)
			RebuildScriptCaches (25ms)
			SetupLoadedEditorAssemblies (321ms)
				LogAssemblyErrors (0ms)
				InitializePlatformSupportModulesInManaged (49ms)
				SetLoadedEditorAssemblies (2ms)
				RefreshPlugins (144ms)
				BeforeProcessingInitializeOnLoad (1ms)
				ProcessInitializeOnLoadAttributes (83ms)
				ProcessInitializeOnLoadMethodAttributes (41ms)
				AfterProcessingInitializeOnLoad (0ms)
				EditorAssembliesLoaded (0ms)
			ExecutionOrderSort2 (0ms)
			AwakeInstancesAfterBackupRestoration (0ms)
Platform modules already initialized, skipping
Registering precompiled user dll's ...
Registered in 0.009888 seconds.
Begin MonoManager ReloadAssembly
Symbol file LoadedFromMemory doesn't match image C:\Users\Luiz\Documents\Jogo-Trilha-Lagoa-da-Mata\Library\PackageCache\com.unity.visualscripting@1.7.8\Editor\VisualScripting.Core\Dependencies\DotNetZip\Unity.VisualScripting.IonicZip.dll
Symbol file LoadedFromMemory doesn't match image C:\Users\Luiz\Documents\Jogo-Trilha-Lagoa-da-Mata\Library\PackageCache\com.unity.visualscripting@1.7.8\Editor\VisualScripting.Core\Dependencies\YamlDotNet\Unity.VisualScripting.YamlDotNet.dll
Native extension for WindowsStandalone target not found
Native extension for Android target not found
Refreshing native plugins compatible for Editor in 146.00 ms, found 15 plugins.
Preloading 2 native plugins for Editor in 0.06 ms.
DisplayProgressbar: Restoring NuGet Packages
Initializing Mesh Terrain Editor v4.0.0b1 on Unity 2021.3.11f1...
UnityEngine.StackTraceUtility:ExtractStackTrace ()
UnityEngine.DebugLogHandler:LogFormat (UnityEngine.LogType,UnityEngine.Object,string,object[])
UnityEngine.Logger:Log (UnityEngine.LogType,object)
UnityEngine.Debug:Log (object)
_4Lx0bEMlh0Z40TCezoxVJOBfdgU_:⁬⁯‫⁮​‍⁯‏‭‪​‭‌⁯‫‏‫⁫‪‬‎⁪‍⁭‪‮‎‭‭‫‭​⁬⁭‬⁭‏‬‏‎‮ (object)
_4Lx0bEMlh0Z40TCezoxVJOBfdgU_:_BK57FowBFxgwhLd64I4lOTbiX2B_ (bool)
_4Lx0bEMlh0Z40TCezoxVJOBfdgU_:_yZ0KkA7QWoBI4owQXGQsH7mtOid_ ()
_4Lx0bEMlh0Z40TCezoxVJOBfdgU_:.cctor ()
System.Runtime.CompilerServices.RuntimeHelpers:RunClassConstructor (System.RuntimeTypeHandle)
UnityEditor.EditorAssemblies:ProcessInitializeOnLoadAttributes (System.Type[])

[MTE]Cannot find Amplify Shader Editor, features based on ASE might be disabled.
Please upgrade ASE to latest version and restart Unity.
UnityEngine.StackTraceUtility:ExtractStackTrace ()
UnityEngine.DebugLogHandler:LogFormat (UnityEngine.LogType,UnityEngine.Object,string,object[])
UnityEngine.Logger:Log (UnityEngine.LogType,object)
UnityEngine.Debug:LogWarning (object)
MTE.MTEDebug:⁪‌⁭‍‬⁫⁯⁪‌‮⁫⁯‬‎‏‭‌‍⁯⁮⁯‎​⁮⁭⁮⁪⁮⁭‍‏⁯‪⁪‎⁭‏‍​‎‮ (object)
MTE.MTEDebug:LogWarning (string)
_4Lx0bEMlh0Z40TCezoxVJOBfdgU_:_BK57FowBFxgwhLd64I4lOTbiX2B_ (bool)
_4Lx0bEMlh0Z40TCezoxVJOBfdgU_:_yZ0KkA7QWoBI4owQXGQsH7mtOid_ ()
_4Lx0bEMlh0Z40TCezoxVJOBfdgU_:.cctor ()
System.Runtime.CompilerServices.RuntimeHelpers:RunClassConstructor (System.RuntimeTypeHandle)
UnityEditor.EditorAssemblies:ProcessInitializeOnLoadAttributes (System.Type[])

Initializing Mesh Terrain Editor...Done
UnityEngine.StackTraceUtility:ExtractStackTrace ()
UnityEngine.DebugLogHandler:LogFormat (UnityEngine.LogType,UnityEngine.Object,string,object[])
UnityEngine.Logger:Log (UnityEngine.LogType,object)
UnityEngine.Debug:Log (object)
_4Lx0bEMlh0Z40TCezoxVJOBfdgU_:⁬⁯‫⁮​‍⁯‏‭‪​‭‌⁯‫‏‫⁫‪‬‎⁪‍⁭‪‮‎‭‭‫‭​⁬⁭‬⁭‏‬‏‎‮ (object)
_4Lx0bEMlh0Z40TCezoxVJOBfdgU_:_BK57FowBFxgwhLd64I4lOTbiX2B_ (bool)
_4Lx0bEMlh0Z40TCezoxVJOBfdgU_:_yZ0KkA7QWoBI4owQXGQsH7mtOid_ ()
_4Lx0bEMlh0Z40TCezoxVJOBfdgU_:.cctor ()
System.Runtime.CompilerServices.RuntimeHelpers:RunClassConstructor (System.RuntimeTypeHandle)
UnityEditor.EditorAssemblies:ProcessInitializeOnLoadAttributes (System.Type[])

Package Manager log level set to [2]
[XR] OculusXRPlugin: registering subsystems
[XR] Unable to register display lifecyle provider: [1]
[XR] Oculus Input lifecycle provider registered.
[XR] Unable to register input lifecyle provider: [1]
[XR] OVRP version 1.89.0
Mono: successfully reloaded assembly
- Completed reload, in  9.824 seconds
Domain Reload Profiling:
	ReloadAssembly (9825ms)
		BeginReloadAssembly (216ms)
			ExecutionOrderSort (0ms)
			DisableScriptedObjects (5ms)
			BackupInstance (0ms)
			ReleaseScriptingObjects (0ms)
			CreateAndSetChildDomain (126ms)
		EndReloadAssembly (9507ms)
			LoadAssemblies (6404ms)
			RebuildTransferFunctionScriptingTraits (0ms)
			SetupTypeCache (428ms)
			ReleaseScriptCaches (1ms)
			RebuildScriptCaches (96ms)
			SetupLoadedEditorAssemblies (2474ms)
				LogAssemblyErrors (0ms)
				InitializePlatformSupportModulesInManaged (11ms)
				SetLoadedEditorAssemblies (0ms)
				RefreshPlugins (146ms)
				BeforeProcessingInitializeOnLoad (116ms)
				ProcessInitializeOnLoadAttributes (1065ms)
				ProcessInitializeOnLoadMethodAttributes (1132ms)
				AfterProcessingInitializeOnLoad (4ms)
				EditorAssembliesLoaded (0ms)
			ExecutionOrderSort2 (0ms)
			AwakeInstancesAfterBackupRestoration (8ms)
Platform modules already initialized, skipping
========================================================================
Worker process is ready to serve import requests
Shader 'MTE/Specialized/Mali 400/Surface/2 Textures/Bumped': fallback shader 'MTE/Specialized/Mali 400/Legacy/2 Textures/Diffuse' not found
Shader 'Oculus/OVRMRCameraFrameLit': fallback shader 'Alpha-Diffuse' not found
Shader 'MTE/Specialized/Mali 400/Surface/3 Textures/Bumped': fallback shader 'MTE/Specialized/Mali 400/Legacy/3 Textures/Diffuse' not found
Launched and connected shader compiler UnityShaderCompiler.exe after 0.03 seconds
Refreshing native plugins compatible for Editor in 1.88 ms, found 15 plugins.
Preloading 2 native plugins for Editor in 0.10 ms.
Unloading 6584 Unused Serialized files (Serialized files now loaded: 0)
Unloading 122 unused Assets / (4.5 MB). Loaded Objects now: 7048.
Memory consumption went from 442.0 MB to 437.5 MB.
Total: 5.752200 ms (FindLiveObjects: 0.704800 ms CreateObjectMapping: 0.249600 ms MarkObjects: 3.574100 ms  DeleteObjects: 1.222300 ms)

AssetImportParameters requested are different than current active one (requested -> active):
  custom:video-decoder-ogg-theora: a1e56fd34408186e4bbccfd4996cb3dc -> 
  custom:container-muxer-webm: aa71ff27fc2769a1b78a27578f13a17b -> 
  custom:container-demuxer-webm: 4f35f7cbe854078d1ac9338744f61a02 -> 
  custom:video-encoder-webm-vp8: eb34c28f22e8b96e1ab97ce403110664 -> 
  custom:audio-encoder-webm-vorbis: bf7c407c2cedff20999df2af8eb42d56 -> 
  custom:framework-win-MediaFoundation: 216162199b28c13a410421893ffa2e32 -> 
  custom:container-demuxer-ogg: 62fdf1f143b41e24485cea50d1cbac27 -> 
  custom:video-decoder-webm-vp8: 9c59270c3fd7afecdb556c50c9e8de78 -> 
  custom:audio-decoder-ogg-vorbis: bf7c407c2cedff20999df2af8eb42d56 -> 
========================================================================
Received Import Request.
  Time since last request: 185912.055054 seconds.
  path: Assets/Elementos_Cena/Arvores/Arbustos/Standard Assets/Effects/TessellationShaders/Textures/NewBrush 1.brush
  artifactKey: Guid(2421b505648a6204586909d7a23f600c) Importer(815301076,1909f56bfc062723c751e8b465ee728b)
Start importing Assets/Elementos_Cena/Arvores/Arbustos/Standard Assets/Effects/TessellationShaders/Textures/NewBrush 1.brush using Guid(2421b505648a6204586909d7a23f600c) Importer(815301076,1909f56bfc062723c751e8b465ee728b)  -> (artifact id: '141fd2d30cb3d1ee9e8b8431e4536889') in 0.130053 seconds 
========================================================================
Received Import Request.
  Time since last request: 82897.557129 seconds.
  path: Assets/Elementos_Cena/Arvores/Arvores P_G Floresta/Plants/Lemon/Source/Textures/Lemon Bark Normal.png
  artifactKey: Guid(8c03514cee68022409c778c5912c6426) Importer(815301076,1909f56bfc062723c751e8b465ee728b)
Start importing Assets/Elementos_Cena/Arvores/Arvores P_G Floresta/Plants/Lemon/Source/Textures/Lemon Bark Normal.png using Guid(8c03514cee68022409c778c5912c6426) Importer(815301076,1909f56bfc062723c751e8b465ee728b)  -> (artifact id: '88eaedfed14f9653fa167a165e147dea') in 0.180019 seconds 
========================================================================
Received Import Request.
  Time since last request: 2.156641 seconds.
  path: Assets/TreePackVol.1/Textures/Leave_4K_.psd
  artifactKey: Guid(86c624185f5b44c4d872c2ecf0a2549e) Importer(815301076,1909f56bfc062723c751e8b465ee728b)
Start importing Assets/TreePackVol.1/Textures/Leave_4K_.psd using Guid(86c624185f5b44c4d872c2ecf0a2549e) Importer(815301076,1909f56bfc062723c751e8b465ee728b)  -> (artifact id: 'db5e480cefbd9d0dc261c2f86aa199b7') in 0.384039 seconds 
========================================================================
Received Import Request.
  Time since last request: 0.000047 seconds.
  path: Assets/Placas_ATLM/Materials/Lemon Bark Color Sign (2).png
  artifactKey: Guid(e175a310713c01049a4aef6d23d51439) Importer(815301076,1909f56bfc062723c751e8b465ee728b)
Start importing Assets/Placas_ATLM/Materials/Lemon Bark Color Sign (2).png using Guid(e175a310713c01049a4aef6d23d51439) Importer(815301076,1909f56bfc062723c751e8b465ee728b)  -> (artifact id: '225efe7b163f7fe5b2ed75734228079b') in 0.104709 seconds 
========================================================================
Received Import Request.
  Time since last request: 0.817837 seconds.
  path: Packages/com.unity.postprocessing/PostProcessing/Textures/Lens Dirt/LensDirt01.png
  artifactKey: Guid(3884f7a2d04ffe8409ad9200b275896f) Importer(815301076,1909f56bfc062723c751e8b465ee728b)
Start importing Packages/com.unity.postprocessing/PostProcessing/Textures/Lens Dirt/LensDirt01.png using Guid(3884f7a2d04ffe8409ad9200b275896f) Importer(815301076,1909f56bfc062723c751e8b465ee728b)  -> (artifact id: '20f01ce4ce7b77afd352a5e639a83968') in 0.144943 seconds 
========================================================================
Received Import Request.
  Time since last request: 0.241935 seconds.
  path: Assets/TextMesh Pro/Resources/Fonts & Materials/LiberationSans SDF - Fallback.asset
  artifactKey: Guid(2e498d1c8094910479dc3e1b768306a4) Importer(815301076,1909f56bfc062723c751e8b465ee728b)
Start importing Assets/TextMesh Pro/Resources/Fonts & Materials/LiberationSans SDF - Fallback.asset using Guid(2e498d1c8094910479dc3e1b768306a4) Importer(815301076,1909f56bfc062723c751e8b465ee728b)  -> (artifact id: 'ae487a065a47354b8811aecc216638cb') in 0.305343 seconds 
========================================================================
Received Import Request.
  Time since last request: 0.000036 seconds.
  path: Assets/Elementos_Cena/Arvores/Arbustos/Standard Assets/Effects/Projectors/Textures/Light.psd
  artifactKey: Guid(b1d7fee26e54cc3498f6267f072a45b9) Importer(815301076,1909f56bfc062723c751e8b465ee728b)
Start importing Assets/Elementos_Cena/Arvores/Arbustos/Standard Assets/Effects/Projectors/Textures/Light.psd using Guid(b1d7fee26e54cc3498f6267f072a45b9) Importer(815301076,1909f56bfc062723c751e8b465ee728b)  -> (artifact id: 'f29ead9c36cc81483763226539471717') in 0.031582 seconds 
========================================================================
Received Import Request.
  Time since last request: 0.059493 seconds.
  path: Assets/Oculus/SampleFramework/Usage/HandsTrainExample/TrainScene/Lightmap-0_comp_light.exr
  artifactKey: Guid(c441ec513759f0641996383614cb4a7a) Importer(815301076,1909f56bfc062723c751e8b465ee728b)
Start importing Assets/Oculus/SampleFramework/Usage/HandsTrainExample/TrainScene/Lightmap-0_comp_light.exr using Guid(c441ec513759f0641996383614cb4a7a) Importer(815301076,1909f56bfc062723c751e8b465ee728b)  -> (artifact id: 'e26ab6fa75bd15279e111fd7df5429a2') in 0.075452 seconds 
========================================================================
Received Import Request.
  Time since last request: 0.000026 seconds.
  path: Assets/Oculus/SampleFramework/Usage/HandsTrainExample/TrainScene/Lightmap-2_comp_light.exr
  artifactKey: Guid(9274d0f48df8fe24d8a9511be3e92966) Importer(815301076,1909f56bfc062723c751e8b465ee728b)
Start importing Assets/Oculus/SampleFramework/Usage/HandsTrainExample/TrainScene/Lightmap-2_comp_light.exr using Guid(9274d0f48df8fe24d8a9511be3e92966) Importer(815301076,1909f56bfc062723c751e8b465ee728b)  -> (artifact id: 'e4138ec3ebfd12b8d8b7d2bcb1b52de4') in 0.056379 seconds 
========================================================================
Received Import Request.
  Time since last request: 0.000031 seconds.
  path: Assets/Oculus/SampleFramework/Usage/HandsTrainExample/TrainScene/Lightmap-7_comp_dir.png
  artifactKey: Guid(a7945d9d9fd1a054dbbef692365c30be) Importer(815301076,1909f56bfc062723c751e8b465ee728b)
Start importing Assets/Oculus/SampleFramework/Usage/HandsTrainExample/TrainScene/Lightmap-7_comp_dir.png using Guid(a7945d9d9fd1a054dbbef692365c30be) Importer(815301076,1909f56bfc062723c751e8b465ee728b)  -> (artifact id: '4501f6ee1320a2c4df93ccc3fa3265a2') in 0.049393 seconds 
========================================================================
Received Import Request.
  Time since last request: 0.000035 seconds.
  path: Assets/Oculus/SampleFramework/Usage/HandsTrainExample/TrainScene/Lightmap-1_comp_dir.png
  artifactKey: Guid(52b8aafcaed21774ba86914203217502) Importer(815301076,1909f56bfc062723c751e8b465ee728b)
Start importing Assets/Oculus/SampleFramework/Usage/HandsTrainExample/TrainScene/Lightmap-1_comp_dir.png using Guid(52b8aafcaed21774ba86914203217502) Importer(815301076,1909f56bfc062723c751e8b465ee728b)  -> (artifact id: '7125d5f5dff9c081e3eca6bd58d54218') in 0.043395 seconds 
========================================================================
Received Import Request.
  Time since last request: 0.087836 seconds.
  path: Assets/Oculus/SampleFramework/Usage/HandsTrainExample/TrainScene/Lightmap-8_comp_dir.png
  artifactKey: Guid(5c1031c6067a4db45a7bdf1e31c07670) Importer(815301076,1909f56bfc062723c751e8b465ee728b)
Start importing Assets/Oculus/SampleFramework/Usage/HandsTrainExample/TrainScene/Lightmap-8_comp_dir.png using Guid(5c1031c6067a4db45a7bdf1e31c07670) Importer(815301076,1909f56bfc062723c751e8b465ee728b)  -> (artifact id: '3ac21e4716526cc4308211adc793a55b') in 0.035776 seconds 
========================================================================
Received Import Request.
  Time since last request: 0.000028 seconds.
  path: Assets/Oculus/SampleFramework/Usage/HandsTrainExample/TrainScene/Lightmap-8_comp_shadowmask.png
  artifactKey: Guid(cfd6a586ecc91a84585965799b484f2c) Importer(815301076,1909f56bfc062723c751e8b465ee728b)
Start importing Assets/Oculus/SampleFramework/Usage/HandsTrainExample/TrainScene/Lightmap-8_comp_shadowmask.png using Guid(cfd6a586ecc91a84585965799b484f2c) Importer(815301076,1909f56bfc062723c751e8b465ee728b)  -> (artifact id: 'e0b877f8860e81b304fa60600adb7ebe') in 0.041579 seconds 
========================================================================
Received Import Request.
  Time since last request: 224.450555 seconds.
  path: Assets/Elementos_Cena/Cartas/Cartas_Desafio/Cartas_Desafio/1-Resp.B.png
  artifactKey: Guid(dda3097a0df23b7439af48aacfba0189) Importer(815301076,1909f56bfc062723c751e8b465ee728b)
Start importing Assets/Elementos_Cena/Cartas/Cartas_Desafio/Cartas_Desafio/1-Resp.B.png using Guid(dda3097a0df23b7439af48aacfba0189) Importer(815301076,1909f56bfc062723c751e8b465ee728b)  -> (artifact id: '44630abbbca4f1d8f685ef36e9e0dc83') in 0.076512 seconds 
========================================================================
Received Import Request.
  Time since last request: 0.000033 seconds.
  path: Assets/Elementos_Cena/Cartas/Cartas_Desafio/Cartas_Desafio/4-Resp.B.png
  artifactKey: Guid(0b5fdc9b292dd3f43962b944b6d91c1a) Importer(815301076,1909f56bfc062723c751e8b465ee728b)
Start importing Assets/Elementos_Cena/Cartas/Cartas_Desafio/Cartas_Desafio/4-Resp.B.png using Guid(0b5fdc9b292dd3f43962b944b6d91c1a) Importer(815301076,1909f56bfc062723c751e8b465ee728b)  -> (artifact id: '405f7fa96eaa9532d1ca17397daf0d08') in 0.063437 seconds 
========================================================================
Received Import Request.
  Time since last request: 0.000032 seconds.
  path: Assets/Elementos_Cena/Cartas/Cartas_Acao/4 - Justiça social.png
  artifactKey: Guid(6175f45e212f826418a343f1a6f5ae24) Importer(815301076,1909f56bfc062723c751e8b465ee728b)
Start importing Assets/Elementos_Cena/Cartas/Cartas_Acao/4 - Justiça social.png using Guid(6175f45e212f826418a343f1a6f5ae24) Importer(815301076,1909f56bfc062723c751e8b465ee728b)  -> (artifact id: '43601f397226aea361816ab7ebbd97d1') in 0.052139 seconds 
========================================================================
Received Import Request.
  Time since last request: 0.000036 seconds.
  path: Assets/Elementos_Cena/Cartas/Cartas_Desafio/Cartas_Desafio/3-Resp.C.png
  artifactKey: Guid(4a533e533f822024a80d855ce9e1b244) Importer(815301076,1909f56bfc062723c751e8b465ee728b)
Start importing Assets/Elementos_Cena/Cartas/Cartas_Desafio/Cartas_Desafio/3-Resp.C.png using Guid(4a533e533f822024a80d855ce9e1b244) Importer(815301076,1909f56bfc062723c751e8b465ee728b)  -> (artifact id: '7cdf58ab3031aec5e48709fffc5ac14c') in 0.050676 seconds 
========================================================================
Received Import Request.
  Time since last request: 2.744437 seconds.
  path: Packages/com.unity.inputsystem/InputSystem/Editor/AssetEditor/Resources/personal/actionTreeBackground.png
  artifactKey: Guid(ce5f11cd993284c4f9c54f854bdc8c9c) Importer(815301076,1909f56bfc062723c751e8b465ee728b)
Start importing Packages/com.unity.inputsystem/InputSystem/Editor/AssetEditor/Resources/personal/actionTreeBackground.png using Guid(ce5f11cd993284c4f9c54f854bdc8c9c) Importer(815301076,1909f56bfc062723c751e8b465ee728b)  -> (artifact id: 'e671f84b5d84dabdc2fd889d0fda6589') in 0.044284 seconds 
========================================================================
Received Import Request.
  Time since last request: 0.000021 seconds.
  path: Assets/Oode studios/Lowpoly nature/Textures/Dead trees/Dead tree 001.png
  artifactKey: Guid(ac5fc12bc8d04a44996b3cdafcb8e25a) Importer(815301076,1909f56bfc062723c751e8b465ee728b)
Start importing Assets/Oode studios/Lowpoly nature/Textures/Dead trees/Dead tree 001.png using Guid(ac5fc12bc8d04a44996b3cdafcb8e25a) Importer(815301076,1909f56bfc062723c751e8b465ee728b)  -> (artifact id: '189172bc8ee524dcaa99597021a8f931') in 0.079465 seconds 
========================================================================
Received Import Request.
  Time since last request: 0.000036 seconds.
  path: Packages/com.unity.inputsystem/InputSystem/Editor/AssetEditor/Resources/personal/actionTreeBackgroundWithoutBorder.png
  artifactKey: Guid(cf632ed80bf1f46c980de6b1b8b903ef) Importer(815301076,1909f56bfc062723c751e8b465ee728b)
Start importing Packages/com.unity.inputsystem/InputSystem/Editor/AssetEditor/Resources/personal/actionTreeBackgroundWithoutBorder.png using Guid(cf632ed80bf1f46c980de6b1b8b903ef) Importer(815301076,1909f56bfc062723c751e8b465ee728b)  -> (artifact id: '1d894510d1af2e217b2c7bf6754a6258') in 0.037852 seconds 
========================================================================
Received Import Request.
  Time since last request: 0.000046 seconds.
  path: Assets/Oode studios/Lowpoly nature/Textures/Dead trees/Dead tree 002.png
  artifactKey: Guid(e1157417e3bb0784d874d38e622cd47c) Importer(815301076,1909f56bfc062723c751e8b465ee728b)
Start importing Assets/Oode studios/Lowpoly nature/Textures/Dead trees/Dead tree 002.png using Guid(e1157417e3bb0784d874d38e622cd47c) Importer(815301076,1909f56bfc062723c751e8b465ee728b)  -> (artifact id: '75d1c45da555f26bccc2769acee2df6f') in 0.080220 seconds 
========================================================================
Received Import Request.
  Time since last request: 6.544353 seconds.
  path: Packages/com.unity.inputsystem/InputSystem/Editor/AssetEditor/Resources/pro/foldoutBackground.png
  artifactKey: Guid(c0996bc290ff74bf4834f4a8b7dc8c3e) Importer(815301076,1909f56bfc062723c751e8b465ee728b)
Start importing Packages/com.unity.inputsystem/InputSystem/Editor/AssetEditor/Resources/pro/foldoutBackground.png using Guid(c0996bc290ff74bf4834f4a8b7dc8c3e) Importer(815301076,1909f56bfc062723c751e8b465ee728b)  -> (artifact id: '4b66bb4f06238d8db4b53d01346e957a') in 0.054254 seconds 
========================================================================
Received Import Request.
  Time since last request: 6.625488 seconds.
  path: Assets/Elementos_Cena/Cartas/Cartas_Acao/5 - Patrimônio natural.png
  artifactKey: Guid(dafd63fd16a0f6c41b84c52948a2ebaa) Importer(815301076,1909f56bfc062723c751e8b465ee728b)
Start importing Assets/Elementos_Cena/Cartas/Cartas_Acao/5 - Patrimônio natural.png using Guid(dafd63fd16a0f6c41b84c52948a2ebaa) Importer(815301076,1909f56bfc062723c751e8b465ee728b)  -> (artifact id: 'e8828094fa199527d50551eaa0a3b3c3') in 0.063556 seconds 
========================================================================
Received Import Request.
  Time since last request: 0.000035 seconds.
  path: Assets/Elementos_Cena/Cartas/Cartas_Acao/6 - Fauna aquática.png
  artifactKey: Guid(10539d6a6d19b3c4d80ad92f9457cffe) Importer(815301076,1909f56bfc062723c751e8b465ee728b)
Start importing Assets/Elementos_Cena/Cartas/Cartas_Acao/6 - Fauna aquática.png using Guid(10539d6a6d19b3c4d80ad92f9457cffe) Importer(815301076,1909f56bfc062723c751e8b465ee728b)  -> (artifact id: 'b68adffaf8b1f65475ed4d831bdcc8fb') in 0.056901 seconds 
========================================================================
Received Import Request.
  Time since last request: 0.190380 seconds.
  path: Assets/Elementos_Cena/Cartas/Cartas_Acao/7 - Mudanças climáticas.png
  artifactKey: Guid(a2c30c13cafda444bba5d49c01f44e50) Importer(815301076,1909f56bfc062723c751e8b465ee728b)
Start importing Assets/Elementos_Cena/Cartas/Cartas_Acao/7 - Mudanças climáticas.png using Guid(a2c30c13cafda444bba5d49c01f44e50) Importer(815301076,1909f56bfc062723c751e8b465ee728b)  -> (artifact id: '0541de7c1a57a519399616707d7f8c85') in 0.059853 seconds 
========================================================================
Received Import Request.
  Time since last request: 0.000076 seconds.
  path: Assets/Elementos_Cena/Cartas/Cartas_Desafio/Cartas_Desafio/7-Resp.C.png
  artifactKey: Guid(f807b123aca1abb4bb5d9d675cda3ad9) Importer(815301076,1909f56bfc062723c751e8b465ee728b)
Start importing Assets/Elementos_Cena/Cartas/Cartas_Desafio/Cartas_Desafio/7-Resp.C.png using Guid(f807b123aca1abb4bb5d9d675cda3ad9) Importer(815301076,1909f56bfc062723c751e8b465ee728b)  -> (artifact id: '171b593a07a1b3fecff83c8d3f9ceff2') in 0.058017 seconds 
========================================================================
Received Import Request.
  Time since last request: 0.000080 seconds.
  path: Assets/TreePackVol.1/Textures/Textures/Trunk/23b1616607d7767de03034a661c98837.png
  artifactKey: Guid(2ef038d9f7131c646beb242ee447e132) Importer(815301076,1909f56bfc062723c751e8b465ee728b)
Start importing Assets/TreePackVol.1/Textures/Textures/Trunk/23b1616607d7767de03034a661c98837.png using Guid(2ef038d9f7131c646beb242ee447e132) Importer(815301076,1909f56bfc062723c751e8b465ee728b)  -> (artifact id: '8006f029169b5ec01f7ca574eeccfe93') in 0.050530 seconds 
========================================================================
Received Import Request.
  Time since last request: 0.000084 seconds.
  path: Assets/Elementos_Cena/Cartas/Cartas_Desafio/Cartas_Desafio/8-Resp.C.png
  artifactKey: Guid(73bb28b178288e84fad63717e6c9daad) Importer(815301076,1909f56bfc062723c751e8b465ee728b)
Start importing Assets/Elementos_Cena/Cartas/Cartas_Desafio/Cartas_Desafio/8-Resp.C.png using Guid(73bb28b178288e84fad63717e6c9daad) Importer(815301076,1909f56bfc062723c751e8b465ee728b)  -> (artifact id: '844cf03e0402ad1908d3c2949f08790d') in 0.060382 seconds 
========================================================================
Received Import Request.
  Time since last request: 10.528034 seconds.
  path: Assets/Elementos_Cena/Arvores/Arvores_e_mais/Lowpoly_Environments/Sources/Textures/PT_Generic_Tree_Leaves_01.png
  artifactKey: Guid(f2ee3ef6a109f0f4b8bfd6f7c1e310f4) Importer(815301076,1909f56bfc062723c751e8b465ee728b)
Start importing Assets/Elementos_Cena/Arvores/Arvores_e_mais/Lowpoly_Environments/Sources/Textures/PT_Generic_Tree_Leaves_01.png using Guid(f2ee3ef6a109f0f4b8bfd6f7c1e310f4) Importer(815301076,1909f56bfc062723c751e8b465ee728b)  -> (artifact id: 'd7c4a89d5d259f0e1b400a43fbb3b80e') in 0.067084 seconds 
========================================================================
Received Import Request.
  Time since last request: 0.000035 seconds.
  path: Assets/TreePackVol.1/Textures/Textures/Leaf/TexturesCom_Leaves0153_1_alphamasked_S.png
  artifactKey: Guid(22e2d038ca0a1e94ebde71c9e0b8a662) Importer(815301076,1909f56bfc062723c751e8b465ee728b)
Start importing Assets/TreePackVol.1/Textures/Textures/Leaf/TexturesCom_Leaves0153_1_alphamasked_S.png using Guid(22e2d038ca0a1e94ebde71c9e0b8a662) Importer(815301076,1909f56bfc062723c751e8b465ee728b)  -> (artifact id: 'd1d6d36f61e25785077c9798919c6d29') in 0.086083 seconds 
========================================================================
Received Import Request.
  Time since last request: 0.000040 seconds.
  path: Assets/TreePackVol.1/Textures/Textures/Leaf/TexturesCom_Leaves0153_1_alphamasked_S 1.png
  artifactKey: Guid(90a9f55f1d0735b48926104b955e36cb) Importer(815301076,1909f56bfc062723c751e8b465ee728b)
Start importing Assets/TreePackVol.1/Textures/Textures/Leaf/TexturesCom_Leaves0153_1_alphamasked_S 1.png using Guid(90a9f55f1d0735b48926104b955e36cb) Importer(815301076,1909f56bfc062723c751e8b465ee728b)  -> (artifact id: 'a08e37b2746c3bd7e3ac39534b9dab23') in 0.064579 seconds 
========================================================================
Received Import Request.
  Time since last request: 0.000081 seconds.
  path: Assets/TreePackVol.1/Textures/Textures/Leaf/TexturesCom_Leaves0153_2_alphamasked_S.png
  artifactKey: Guid(fab8d47c61c9f254195749653f632bb6) Importer(815301076,1909f56bfc062723c751e8b465ee728b)
Start importing Assets/TreePackVol.1/Textures/Textures/Leaf/TexturesCom_Leaves0153_2_alphamasked_S.png using Guid(fab8d47c61c9f254195749653f632bb6) Importer(815301076,1909f56bfc062723c751e8b465ee728b)  -> (artifact id: '2a32d696bc769ac08c280c787001c2ea') in 0.042993 seconds 
========================================================================
Received Import Request.
  Time since last request: 0.785232 seconds.
  path: Assets/Elementos_Cena/Arvores/Arvores_e_mais/Lowpoly_Environments/Sources/Textures/PT_Fruit_Tree_Leaves_01.png
  artifactKey: Guid(d2f321fff7f05aa49ad106541e997dd3) Importer(815301076,1909f56bfc062723c751e8b465ee728b)
Start importing Assets/Elementos_Cena/Arvores/Arvores_e_mais/Lowpoly_Environments/Sources/Textures/PT_Fruit_Tree_Leaves_01.png using Guid(d2f321fff7f05aa49ad106541e997dd3) Importer(815301076,1909f56bfc062723c751e8b465ee728b)  -> (artifact id: 'dc2942709d2ef0dc7783bbf93dbaf218') in 0.050197 seconds 
========================================================================
Received Import Request.
  Time since last request: 3.123531 seconds.
  path: Assets/TreePackVol.1/Textures/Textures/Leaf/TexturesCom_Leaves0188_1_alphamasked_S.png
  artifactKey: Guid(af2de4906ca67304fb8506e7d0d3a071) Importer(815301076,1909f56bfc062723c751e8b465ee728b)
Start importing Assets/TreePackVol.1/Textures/Textures/Leaf/TexturesCom_Leaves0188_1_alphamasked_S.png using Guid(af2de4906ca67304fb8506e7d0d3a071) Importer(815301076,1909f56bfc062723c751e8b465ee728b)  -> (artifact id: 'e1582f50edffb8b21edbfb2bf742ad2a') in 0.047152 seconds 
========================================================================
Received Import Request.
  Time since last request: 0.000065 seconds.
  path: Assets/TreePackVol.1/Textures/Textures/Leaf/TexturesCom_Leaves0188_1_alphamasked_S 1.png
  artifactKey: Guid(52963022baad9bb4a83326e7f459f0a5) Importer(815301076,1909f56bfc062723c751e8b465ee728b)
Start importing Assets/TreePackVol.1/Textures/Textures/Leaf/TexturesCom_Leaves0188_1_alphamasked_S 1.png using Guid(52963022baad9bb4a83326e7f459f0a5) Importer(815301076,1909f56bfc062723c751e8b465ee728b)  -> (artifact id: 'b9ad400e5122e8fcf63062e863e7dbd8') in 0.059043 seconds 
========================================================================
Received Import Request.
  Time since last request: 2.891779 seconds.
  path: Assets/TreePackVol.1/Textures/Textures/Leaf/TexturesCom_LeavesTropical0218_1_alphamasked_S.psd
  artifactKey: Guid(d45063e47035bbb46b7a39108dd8e05e) Importer(815301076,1909f56bfc062723c751e8b465ee728b)
Start importing Assets/TreePackVol.1/Textures/Textures/Leaf/TexturesCom_LeavesTropical0218_1_alphamasked_S.psd using Guid(d45063e47035bbb46b7a39108dd8e05e) Importer(815301076,1909f56bfc062723c751e8b465ee728b)  -> (artifact id: '38fd9f9b8d2a1d3a2ca970e796c08356') in 0.038299 seconds 
========================================================================
Received Import Request.
  Time since last request: 0.064074 seconds.
  path: Assets/TreePackVol.1/Textures/Textures/Leaf/TexturesCom_LeavesTropical0233_1_alphamasked_S.png
  artifactKey: Guid(e98998434047c3c49991f04efae3806c) Importer(815301076,1909f56bfc062723c751e8b465ee728b)
Start importing Assets/TreePackVol.1/Textures/Textures/Leaf/TexturesCom_LeavesTropical0233_1_alphamasked_S.png using Guid(e98998434047c3c49991f04efae3806c) Importer(815301076,1909f56bfc062723c751e8b465ee728b)  -> (artifact id: '29fdaae7f0494e7b865131c547291be8') in 0.036575 seconds 
========================================================================
Received Import Request.
  Time since last request: 0.000027 seconds.
  path: Assets/FantasyEnvironments/Environments/Ambient-Occlusion-Trees/Textures/Tree_leaves2.tga
  artifactKey: Guid(231947d5c0a7a6d4d923c5dc2b942ab0) Importer(815301076,1909f56bfc062723c751e8b465ee728b)
Start importing Assets/FantasyEnvironments/Environments/Ambient-Occlusion-Trees/Textures/Tree_leaves2.tga using Guid(231947d5c0a7a6d4d923c5dc2b942ab0) Importer(815301076,1909f56bfc062723c751e8b465ee728b)  -> (artifact id: '1fcfdd89faa4c6dfe6b6dc5bec173b36') in 0.052118 seconds 
========================================================================
Received Import Request.
  Time since last request: 25.966267 seconds.
  path: Assets/Elementos_Cena/Arvores/Arvores_e_mais/Lowpoly_Environments/Sources/Textures/PT_Grass_01.png
  artifactKey: Guid(1b92b31acbcdce24ba9dc6d01dbc2e84) Importer(815301076,1909f56bfc062723c751e8b465ee728b)
Start importing Assets/Elementos_Cena/Arvores/Arvores_e_mais/Lowpoly_Environments/Sources/Textures/PT_Grass_01.png using Guid(1b92b31acbcdce24ba9dc6d01dbc2e84) Importer(815301076,1909f56bfc062723c751e8b465ee728b)  -> (artifact id: '0a6e31b44bb2be372a8e5648aa5772d5') in 0.050754 seconds 
========================================================================
Received Import Request.
  Time since last request: 0.000029 seconds.
  path: Assets/Elementos_Cena/Arvores/Arvores_e_mais/Lowpoly_Environments/Sources/Textures/PT_Grass_High_02.png
  artifactKey: Guid(4781e48c31bdfb74da8ba377aea81283) Importer(815301076,1909f56bfc062723c751e8b465ee728b)
Start importing Assets/Elementos_Cena/Arvores/Arvores_e_mais/Lowpoly_Environments/Sources/Textures/PT_Grass_High_02.png using Guid(4781e48c31bdfb74da8ba377aea81283) Importer(815301076,1909f56bfc062723c751e8b465ee728b)  -> (artifact id: '6fa30f8ccea6c3f6e3d48da8a39115c2') in 0.041052 seconds 
========================================================================
Received Import Request.
  Time since last request: 0.000032 seconds.
  path: Assets/Elementos_Cena/Arvores/Arvores_e_mais/Lowpoly_Environments/Sources/Textures/PT_Grass_High_01.png
  artifactKey: Guid(b458cb1c79cb9894196830046f2621fa) Importer(815301076,1909f56bfc062723c751e8b465ee728b)
Start importing Assets/Elementos_Cena/Arvores/Arvores_e_mais/Lowpoly_Environments/Sources/Textures/PT_Grass_High_01.png using Guid(b458cb1c79cb9894196830046f2621fa) Importer(815301076,1909f56bfc062723c751e8b465ee728b)  -> (artifact id: '982a2ca136b76e282ccae04da7c42aa1') in 0.043429 seconds 
========================================================================
Received Import Request.
  Time since last request: 0.694158 seconds.
  path: Packages/com.unity.inputsystem/InputSystem/Editor/AssetEditor/Resources/personal/propertiesBackground.png
  artifactKey: Guid(aa4c2360f910d46f497f75b4b6677358) Importer(815301076,1909f56bfc062723c751e8b465ee728b)
Start importing Packages/com.unity.inputsystem/InputSystem/Editor/AssetEditor/Resources/personal/propertiesBackground.png using Guid(aa4c2360f910d46f497f75b4b6677358) Importer(815301076,1909f56bfc062723c751e8b465ee728b)  -> (artifact id: 'e556d3b40608ff46cfe900926c7c2028') in 0.033983 seconds 
========================================================================
Received Import Request.
  Time since last request: 0.851024 seconds.
  path: Assets/Oculus/LipSync/Models/RobotHead_TextureFlip/PP.png
  artifactKey: Guid(bea5b996ab6235c4aaa1be9b11aea8c4) Importer(815301076,1909f56bfc062723c751e8b465ee728b)
Start importing Assets/Oculus/LipSync/Models/RobotHead_TextureFlip/PP.png using Guid(bea5b996ab6235c4aaa1be9b11aea8c4) Importer(815301076,1909f56bfc062723c751e8b465ee728b)  -> (artifact id: '66e6e5a73ad6ac7cb19186af5ad3efdb') in 0.036453 seconds 
========================================================================
Received Import Request.
  Time since last request: 0.069452 seconds.
  path: Packages/com.unity.inputsystem/InputSystem/Editor/Icons/Position@4x.png
  artifactKey: Guid(c998b283038914e699477f514ecb31ac) Importer(815301076,1909f56bfc062723c751e8b465ee728b)
Start importing Packages/com.unity.inputsystem/InputSystem/Editor/Icons/Position@4x.png using Guid(c998b283038914e699477f514ecb31ac) Importer(815301076,1909f56bfc062723c751e8b465ee728b)  -> (artifact id: 'bbdf053da667b8965bb4fba8b09f06b9') in 0.035467 seconds 
========================================================================
Received Import Request.
  Time since last request: 1.569490 seconds.
  path: Packages/com.unity.inputsystem/InputSystem/Editor/Icons/Position@2x.png
  artifactKey: Guid(a3fa73829479e4b41965e749fcca7c12) Importer(815301076,1909f56bfc062723c751e8b465ee728b)
Start importing Packages/com.unity.inputsystem/InputSystem/Editor/Icons/Position@2x.png using Guid(a3fa73829479e4b41965e749fcca7c12) Importer(815301076,1909f56bfc062723c751e8b465ee728b)  -> (artifact id: 'b7b0754b25ea5a1a617e9c8a3000969a') in 0.030175 seconds 
========================================================================
Received Import Request.
  Time since last request: 0.066597 seconds.
  path: Assets/Elementos_Cena/Hub/Modern Menu 1/Fonts/Poppins-Light SDF.asset
  artifactKey: Guid(537eb1eef138da7489d2d0c861629654) Importer(815301076,1909f56bfc062723c751e8b465ee728b)
Start importing Assets/Elementos_Cena/Hub/Modern Menu 1/Fonts/Poppins-Light SDF.asset using Guid(537eb1eef138da7489d2d0c861629654) Importer(815301076,1909f56bfc062723c751e8b465ee728b)  -> (artifact id: '8aa728add24ee018b4fa92269507d7bc') in 0.102939 seconds 
========================================================================
Received Import Request.
  Time since last request: 0.300833 seconds.
  path: Assets/Oculus/Interaction/Samples/Objects/Props/Torch/Particles/Textures/poof4x4.tga
  artifactKey: Guid(27a66518aba33e545994d6eeb7403a65) Importer(815301076,1909f56bfc062723c751e8b465ee728b)
Start importing Assets/Oculus/Interaction/Samples/Objects/Props/Torch/Particles/Textures/poof4x4.tga using Guid(27a66518aba33e545994d6eeb7403a65) Importer(815301076,1909f56bfc062723c751e8b465ee728b)  -> (artifact id: '3726768f2a8ffc95984fa456b82ee745') in 0.046176 seconds 
========================================================================
Received Import Request.
  Time since last request: 0.060091 seconds.
  path: Assets/Oculus/Interaction/Samples/Objects/Props/BigRedButton/Textures/PodiumEmissive.png
  artifactKey: Guid(db48054702bf46946bbc1b0d86507638) Importer(815301076,1909f56bfc062723c751e8b465ee728b)
Start importing Assets/Oculus/Interaction/Samples/Objects/Props/BigRedButton/Textures/PodiumEmissive.png using Guid(db48054702bf46946bbc1b0d86507638) Importer(815301076,1909f56bfc062723c751e8b465ee728b)  -> (artifact id: 'cadf76280627c0103abad5c728218508') in 0.038011 seconds 
========================================================================
Received Import Request.
  Time since last request: 0.000025 seconds.
  path: Assets/Oculus/Interaction/Samples/Objects/Props/BigRedButton/Textures/Podium/Podium_Normal.png
  artifactKey: Guid(93cef7b123baace49a4508c4b6f2cec3) Importer(815301076,1909f56bfc062723c751e8b465ee728b)
Start importing Assets/Oculus/Interaction/Samples/Objects/Props/BigRedButton/Textures/Podium/Podium_Normal.png using Guid(93cef7b123baace49a4508c4b6f2cec3) Importer(815301076,1909f56bfc062723c751e8b465ee728b)  -> (artifact id: 'bd7e0ce4ab04abdb801c9e5fa0a1b16a') in 0.046400 seconds 
========================================================================
Received Import Request.
  Time since last request: 0.331995 seconds.
  path: Assets/Oculus/Interaction/Samples/Objects/Props/BigRedButton/Textures/Podium/Podium_AlbedoTransparency.png
  artifactKey: Guid(b9144ea4006475045917ff432df651ff) Importer(815301076,1909f56bfc062723c751e8b465ee728b)
Start importing Assets/Oculus/Interaction/Samples/Objects/Props/BigRedButton/Textures/Podium/Podium_AlbedoTransparency.png using Guid(b9144ea4006475045917ff432df651ff) Importer(815301076,1909f56bfc062723c751e8b465ee728b)  -> (artifact id: '1c9a5530e8484150dfe9609b54f87f94') in 0.040112 seconds 
========================================================================
Received Import Request.
  Time since last request: 0.000039 seconds.
  path: Assets/FantasyEnvironments/Environments/Textures/Plant.tga
  artifactKey: Guid(4ed602243d46b7042bf79ef54616ebf3) Importer(815301076,1909f56bfc062723c751e8b465ee728b)
Start importing Assets/FantasyEnvironments/Environments/Textures/Plant.tga using Guid(4ed602243d46b7042bf79ef54616ebf3) Importer(815301076,1909f56bfc062723c751e8b465ee728b)  -> (artifact id: '8d58f7c3e95169ddd88b5a7035f57b7d') in 0.072250 seconds 
========================================================================
Received Import Request.
  Time since last request: 0.402070 seconds.
  path: Assets/FantasyEnvironments/Environments/Ambient-Occlusion-Trees/Textures/Pine_bark.png
  artifactKey: Guid(a3904939c879c3b418dd77b69561edf3) Importer(815301076,1909f56bfc062723c751e8b465ee728b)
Start importing Assets/FantasyEnvironments/Environments/Ambient-Occlusion-Trees/Textures/Pine_bark.png using Guid(a3904939c879c3b418dd77b69561edf3) Importer(815301076,1909f56bfc062723c751e8b465ee728b)  -> (artifact id: '40c3620c5d88dbd8457b416c89f58634') in 0.068825 seconds 
========================================================================
Received Import Request.
  Time since last request: 0.000030 seconds.
  path: Assets/Oode studios/Lowpoly nature/Textures/Pine trees/Pine tree 003.png
  artifactKey: Guid(c6223b46bfd476344acaa86b4e0a3cb7) Importer(815301076,1909f56bfc062723c751e8b465ee728b)
Start importing Assets/Oode studios/Lowpoly nature/Textures/Pine trees/Pine tree 003.png using Guid(c6223b46bfd476344acaa86b4e0a3cb7) Importer(815301076,1909f56bfc062723c751e8b465ee728b)  -> (artifact id: '21c1df1064a5152c18187f15d495880a') in 0.069946 seconds 
========================================================================
Received Import Request.
  Time since last request: 0.877052 seconds.
  path: Assets/Oode studios/Lowpoly nature/Textures/Pine trees/Pine tree 002.png
  artifactKey: Guid(fdead445d23ccfb469dbe2347d6edd48) Importer(815301076,1909f56bfc062723c751e8b465ee728b)
Start importing Assets/Oode studios/Lowpoly nature/Textures/Pine trees/Pine tree 002.png using Guid(fdead445d23ccfb469dbe2347d6edd48) Importer(815301076,1909f56bfc062723c751e8b465ee728b)  -> (artifact id: '178ceb160c6040f80ca4c8f306c8dbbe') in 0.074354 seconds 
========================================================================
Received Import Request.
  Time since last request: 0.000028 seconds.
  path: Assets/Oculus/Interaction/Samples/ThirdParty/Textures/EnvironmentMaps/photo_studio_broadway_hall_1k.exr
  artifactKey: Guid(02087f394db194f44b28f48e3a72c70b) Importer(815301076,1909f56bfc062723c751e8b465ee728b)
Start importing Assets/Oculus/Interaction/Samples/ThirdParty/Textures/EnvironmentMaps/photo_studio_broadway_hall_1k.exr using Guid(02087f394db194f44b28f48e3a72c70b) Importer(815301076,1909f56bfc062723c751e8b465ee728b)  -> (artifact id: 'd56913e74ed6db1b466e3c77b673b086') in 0.060817 seconds 
========================================================================
Received Import Request.
  Time since last request: 0.006485 seconds.
  path: Packages/com.unity.inputsystem/InputSystem/Editor/Icons/Pen@4x.png
  artifactKey: Guid(acf10446fff184bb98db6350c2c43148) Importer(815301076,1909f56bfc062723c751e8b465ee728b)
Start importing Packages/com.unity.inputsystem/InputSystem/Editor/Icons/Pen@4x.png using Guid(acf10446fff184bb98db6350c2c43148) Importer(815301076,1909f56bfc062723c751e8b465ee728b)  -> (artifact id: '33b531504e1176b44827da581fc97ee2') in 0.033626 seconds 
========================================================================
Received Import Request.
  Time since last request: 1.526599 seconds.
  path: Assets/Elementos_Cena/Hub/Modern Menu 1/Graphics/Frames/Panel 1920x1080px.png
  artifactKey: Guid(ebf9e47b2a26f544aa2fa9cb3a11190b) Importer(815301076,1909f56bfc062723c751e8b465ee728b)
Start importing Assets/Elementos_Cena/Hub/Modern Menu 1/Graphics/Frames/Panel 1920x1080px.png using Guid(ebf9e47b2a26f544aa2fa9cb3a11190b) Importer(815301076,1909f56bfc062723c751e8b465ee728b)  -> (artifact id: 'ea9e76e777c31871b447c869bfff8379') in 0.216188 seconds 
========================================================================
Received Import Request.
  Time since last request: 0.000032 seconds.
  path: Assets/Elementos_Cena/Chao/ground_vol1/ground4/ground4_Metallic.tga
  artifactKey: Guid(fb1c850a227a62544b63c6626cfa8ba8) Importer(815301076,1909f56bfc062723c751e8b465ee728b)
Start importing Assets/Elementos_Cena/Chao/ground_vol1/ground4/ground4_Metallic.tga using Guid(fb1c850a227a62544b63c6626cfa8ba8) Importer(815301076,1909f56bfc062723c751e8b465ee728b)  -> (artifact id: '743e3cf083140c6a48508c12a6d97de9') in 0.045617 seconds 
========================================================================
Received Import Request.
  Time since last request: 0.000041 seconds.
  path: Assets/Elementos_Cena/Arvores/Arbustos/Standard Assets/Effects/TessellationShaders/Textures/CliffHeight.png
  artifactKey: Guid(17da6d53ec93a0444bd0f751b1d02477) Importer(815301076,1909f56bfc062723c751e8b465ee728b)
Start importing Assets/Elementos_Cena/Arvores/Arbustos/Standard Assets/Effects/TessellationShaders/Textures/CliffHeight.png using Guid(17da6d53ec93a0444bd0f751b1d02477) Importer(815301076,1909f56bfc062723c751e8b465ee728b)  -> (artifact id: '9fd6bdff9d581ccf22eb67917964347f') in 0.038908 seconds 
========================================================================
Received Import Request.
  Time since last request: 0.000034 seconds.
  path: Assets/Oode studios/Lowpoly nature/Textures/Cliffs/Cliff 001.png
  artifactKey: Guid(c0746723559a2ea4098f27b964689ba9) Importer(815301076,1909f56bfc062723c751e8b465ee728b)
Start importing Assets/Oode studios/Lowpoly nature/Textures/Cliffs/Cliff 001.png using Guid(c0746723559a2ea4098f27b964689ba9) Importer(815301076,1909f56bfc062723c751e8b465ee728b)  -> (artifact id: 'e1eee6aff84637e043ec4bbee0ba7a1f') in 0.061336 seconds 
========================================================================
Received Import Request.
  Time since last request: 0.000046 seconds.
  path: Assets/Oculus/Interaction/Samples/Objects/Props/CoffeeCup/CoffeeCup_AlbedoRoughness.tga
  artifactKey: Guid(9d3caa759caa18744a3604240b13b1f5) Importer(815301076,1909f56bfc062723c751e8b465ee728b)
Start importing Assets/Oculus/Interaction/Samples/Objects/Props/CoffeeCup/CoffeeCup_AlbedoRoughness.tga using Guid(9d3caa759caa18744a3604240b13b1f5) Importer(815301076,1909f56bfc062723c751e8b465ee728b)  -> (artifact id: '8353e5a9cb23b854f0030ee7adb28b05') in 0.039423 seconds 
========================================================================
Received Import Request.
  Time since last request: 0.000039 seconds.
  path: Assets/Oculus/SampleFramework/Usage/Locomotion/Textures/metal_01_nml.png
  artifactKey: Guid(3948563beb7ab48f7bdc6eb0943fb2c6) Importer(815301076,1909f56bfc062723c751e8b465ee728b)
Start importing Assets/Oculus/SampleFramework/Usage/Locomotion/Textures/metal_01_nml.png using Guid(3948563beb7ab48f7bdc6eb0943fb2c6) Importer(815301076,1909f56bfc062723c751e8b465ee728b)  -> (artifact id: 'aed2905b7a5f251fb30e357ff00def02') in 0.041680 seconds 
========================================================================
Received Import Request.
  Time since last request: 0.000033 seconds.
  path: Packages/com.unity.inputsystem/InputSystem/Editor/Icons/Pen.png
  artifactKey: Guid(ea8b7319643924985a9ee4ca18b8db59) Importer(815301076,1909f56bfc062723c751e8b465ee728b)
Start importing Packages/com.unity.inputsystem/InputSystem/Editor/Icons/Pen.png using Guid(ea8b7319643924985a9ee4ca18b8db59) Importer(815301076,1909f56bfc062723c751e8b465ee728b)  -> (artifact id: '1d1c1b10b4db746e357ce6e0d5d63967') in 0.033143 seconds 
========================================================================
Received Import Request.
  Time since last request: 0.000100 seconds.
  path: Assets/Oculus/SampleFramework/Usage/Locomotion/Textures/metal_01_dif.png
  artifactKey: Guid(08a28c4fa99d2409cb6eafb5a7129889) Importer(815301076,1909f56bfc062723c751e8b465ee728b)
Start importing Assets/Oculus/SampleFramework/Usage/Locomotion/Textures/metal_01_dif.png using Guid(08a28c4fa99d2409cb6eafb5a7129889) Importer(815301076,1909f56bfc062723c751e8b465ee728b)  -> (artifact id: '64830698fcb0736ea5e680efaf8ec755') in 0.071269 seconds 
========================================================================
Received Import Request.
  Time since last request: 0.000063 seconds.
  path: Assets/Elementos_Cena/Chao/ground_vol1/ground4/ground4_Height.tga
  artifactKey: Guid(3397c7f4a7562e546bcfc9faa71e1659) Importer(815301076,1909f56bfc062723c751e8b465ee728b)
Start importing Assets/Elementos_Cena/Chao/ground_vol1/ground4/ground4_Height.tga using Guid(3397c7f4a7562e546bcfc9faa71e1659) Importer(815301076,1909f56bfc062723c751e8b465ee728b)  -> (artifact id: '073c15afaad4cac158dbe485664284c1') in 0.042081 seconds 
========================================================================
Received Import Request.
  Time since last request: 0.000029 seconds.
  path: Assets/Elementos_Cena/Chao/ground_vol1/ground4/ground4_Normal.tga
  artifactKey: Guid(6711a6f408dca5b41b938ec249d8d444) Importer(815301076,1909f56bfc062723c751e8b465ee728b)
Start importing Assets/Elementos_Cena/Chao/ground_vol1/ground4/ground4_Normal.tga using Guid(6711a6f408dca5b41b938ec249d8d444) Importer(815301076,1909f56bfc062723c751e8b465ee728b)  -> (artifact id: '273a3cc6418734ff20648ea12c842202') in 0.049622 seconds 
========================================================================
Received Import Request.
  Time since last request: 0.000030 seconds.
  path: Assets/Oculus/Interaction/Samples/Textures/Peace.png
  artifactKey: Guid(431e856141e9fe24c88c6ed15c687498) Importer(815301076,1909f56bfc062723c751e8b465ee728b)
Start importing Assets/Oculus/Interaction/Samples/Textures/Peace.png using Guid(431e856141e9fe24c88c6ed15c687498) Importer(815301076,1909f56bfc062723c751e8b465ee728b)  -> (artifact id: '03960720ddcee4d617a6951e1d7cf0a0') in 0.035946 seconds 
========================================================================
Received Import Request.
  Time since last request: 0.000030 seconds.
  path: Packages/com.unity.collab-proxy/Editor/Collaborate/Assets/Icons/merge-dark@2x.png
  artifactKey: Guid(6b972fca7700d6748b66eb72f2072e74) Importer(815301076,1909f56bfc062723c751e8b465ee728b)
Start importing Packages/com.unity.collab-proxy/Editor/Collaborate/Assets/Icons/merge-dark@2x.png using Guid(6b972fca7700d6748b66eb72f2072e74) Importer(815301076,1909f56bfc062723c751e8b465ee728b)  -> (artifact id: 'ffdb097076078e8be11c93815cac7170') in 0.032435 seconds 
========================================================================
Received Import Request.
  Time since last request: 0.000090 seconds.
  path: Assets/Elementos_Cena/Chao/ground_vol1/ground4/ground4_Diffuse.tga
  artifactKey: Guid(9875bf7345d4ac04ab35f3b9ed63a954) Importer(815301076,1909f56bfc062723c751e8b465ee728b)
Start importing Assets/Elementos_Cena/Chao/ground_vol1/ground4/ground4_Diffuse.tga using Guid(9875bf7345d4ac04ab35f3b9ed63a954) Importer(815301076,1909f56bfc062723c751e8b465ee728b)  -> (artifact id: 'f47ffcd4f6ea7b7a7e1a8b42af9403a4') in 0.040083 seconds 
========================================================================
Received Import Request.
  Time since last request: 0.000056 seconds.
  path: Assets/Oculus/Interaction/Samples/Textures/Paper.png
  artifactKey: Guid(f6db4193c1df53543b019284e43e28bb) Importer(815301076,1909f56bfc062723c751e8b465ee728b)
Start importing Assets/Oculus/Interaction/Samples/Textures/Paper.png using Guid(f6db4193c1df53543b019284e43e28bb) Importer(815301076,1909f56bfc062723c751e8b465ee728b)  -> (artifact id: 'ea9b5b63fb8c2ffe3e7668d894362e88') in 0.029457 seconds 
========================================================================
Received Import Request.
  Time since last request: 0.000052 seconds.
  path: Assets/Oode studios/Lowpoly nature/Textures/Cliffs/Cliff 002.png
  artifactKey: Guid(80355b6dfb662134d86df4555bf1937e) Importer(815301076,1909f56bfc062723c751e8b465ee728b)
Start importing Assets/Oode studios/Lowpoly nature/Textures/Cliffs/Cliff 002.png using Guid(80355b6dfb662134d86df4555bf1937e) Importer(815301076,1909f56bfc062723c751e8b465ee728b)  -> (artifact id: 'd84c174acec039b7782e28e88e7970d5') in 0.072646 seconds 
========================================================================
Received Import Request.
  Time since last request: 0.000031 seconds.
  path: Packages/com.unity.collab-proxy/Editor/Collaborate/Assets/Icons/merge-light.png
  artifactKey: Guid(cd20fda32910f2942bd0231aa038b0bf) Importer(815301076,1909f56bfc062723c751e8b465ee728b)
Start importing Packages/com.unity.collab-proxy/Editor/Collaborate/Assets/Icons/merge-light.png using Guid(cd20fda32910f2942bd0231aa038b0bf) Importer(815301076,1909f56bfc062723c751e8b465ee728b)  -> (artifact id: 'b9c7174d78e1dab9767c450a1c003605') in 0.033463 seconds 
========================================================================
Received Import Request.
  Time since last request: 0.000031 seconds.
  path: Assets/Elementos_Cena/Chao/ground_vol1/ground3/ground3_Height.tga
  artifactKey: Guid(05969a2c28cfe044cadd6d4b9d12eb3c) Importer(815301076,1909f56bfc062723c751e8b465ee728b)
Start importing Assets/Elementos_Cena/Chao/ground_vol1/ground3/ground3_Height.tga using Guid(05969a2c28cfe044cadd6d4b9d12eb3c) Importer(815301076,1909f56bfc062723c751e8b465ee728b)  -> (artifact id: 'c1834d03dd71c3695ea877a01410657a') in 0.046390 seconds 
========================================================================
Received Prepare
Registering precompiled user dll's ...
Registered in 0.008560 seconds.
Begin MonoManager ReloadAssembly
Symbol file LoadedFromMemory doesn't match image C:\Users\Luiz\Documents\Jogo-Trilha-Lagoa-da-Mata\Library\PackageCache\com.unity.visualscripting@1.7.8\Editor\VisualScripting.Core\Dependencies\DotNetZip\Unity.VisualScripting.IonicZip.dll
Symbol file LoadedFromMemory doesn't match image C:\Users\Luiz\Documents\Jogo-Trilha-Lagoa-da-Mata\Library\PackageCache\com.unity.visualscripting@1.7.8\Editor\VisualScripting.Core\Dependencies\YamlDotNet\Unity.VisualScripting.YamlDotNet.dll
Native extension for WindowsStandalone target not found
Native extension for Android target not found
Refreshing native plugins compatible for Editor in 2.04 ms, found 15 plugins.
Preloading 2 native plugins for Editor in 0.10 ms.
Initializing Mesh Terrain Editor v4.0.0b1 on Unity 2021.3.11f1...
UnityEngine.StackTraceUtility:ExtractStackTrace ()
UnityEngine.DebugLogHandler:LogFormat (UnityEngine.LogType,UnityEngine.Object,string,object[])
UnityEngine.Logger:Log (UnityEngine.LogType,object)
UnityEngine.Debug:Log (object)
_4Lx0bEMlh0Z40TCezoxVJOBfdgU_:⁬⁯‫⁮​‍⁯‏‭‪​‭‌⁯‫‏‫⁫‪‬‎⁪‍⁭‪‮‎‭‭‫‭​⁬⁭‬⁭‏‬‏‎‮ (object)
_4Lx0bEMlh0Z40TCezoxVJOBfdgU_:_BK57FowBFxgwhLd64I4lOTbiX2B_ (bool)
_4Lx0bEMlh0Z40TCezoxVJOBfdgU_:_yZ0KkA7QWoBI4owQXGQsH7mtOid_ ()
_4Lx0bEMlh0Z40TCezoxVJOBfdgU_:.cctor ()
System.Runtime.CompilerServices.RuntimeHelpers:RunClassConstructor (System.RuntimeTypeHandle)
UnityEditor.EditorAssemblies:ProcessInitializeOnLoadAttributes (System.Type[])

[MTE]Cannot find Amplify Shader Editor, features based on ASE might be disabled.
Please upgrade ASE to latest version and restart Unity.
UnityEngine.StackTraceUtility:ExtractStackTrace ()
UnityEngine.DebugLogHandler:LogFormat (UnityEngine.LogType,UnityEngine.Object,string,object[])
UnityEngine.Logger:Log (UnityEngine.LogType,object)
UnityEngine.Debug:LogWarning (object)
MTE.MTEDebug:⁪‌⁭‍‬⁫⁯⁪‌‮⁫⁯‬‎‏‭‌‍⁯⁮⁯‎​⁮⁭⁮⁪⁮⁭‍‏⁯‪⁪‎⁭‏‍​‎‮ (object)
MTE.MTEDebug:LogWarning (string)
_4Lx0bEMlh0Z40TCezoxVJOBfdgU_:_BK57FowBFxgwhLd64I4lOTbiX2B_ (bool)
_4Lx0bEMlh0Z40TCezoxVJOBfdgU_:_yZ0KkA7QWoBI4owQXGQsH7mtOid_ ()
_4Lx0bEMlh0Z40TCezoxVJOBfdgU_:.cctor ()
System.Runtime.CompilerServices.RuntimeHelpers:RunClassConstructor (System.RuntimeTypeHandle)
UnityEditor.EditorAssemblies:ProcessInitializeOnLoadAttributes (System.Type[])

Initializing Mesh Terrain Editor...Done
UnityEngine.StackTraceUtility:ExtractStackTrace ()
UnityEngine.DebugLogHandler:LogFormat (UnityEngine.LogType,UnityEngine.Object,string,object[])
UnityEngine.Logger:Log (UnityEngine.LogType,object)
UnityEngine.Debug:Log (object)
_4Lx0bEMlh0Z40TCezoxVJOBfdgU_:⁬⁯‫⁮​‍⁯‏‭‪​‭‌⁯‫‏‫⁫‪‬‎⁪‍⁭‪‮‎‭‭‫‭​⁬⁭‬⁭‏‬‏‎‮ (object)
_4Lx0bEMlh0Z40TCezoxVJOBfdgU_:_BK57FowBFxgwhLd64I4lOTbiX2B_ (bool)
_4Lx0bEMlh0Z40TCezoxVJOBfdgU_:_yZ0KkA7QWoBI4owQXGQsH7mtOid_ ()
_4Lx0bEMlh0Z40TCezoxVJOBfdgU_:.cctor ()
System.Runtime.CompilerServices.RuntimeHelpers:RunClassConstructor (System.RuntimeTypeHandle)
UnityEditor.EditorAssemblies:ProcessInitializeOnLoadAttributes (System.Type[])

CreateSerializedAsset is not supported while importing out-of-process
UnityEngine.UnityException: Creating asset at path Assets/Resources/OculusRuntimeSettings.asset failed.
  at (wrapper managed-to-native) UnityEditor.AssetDatabase.CreateAsset(UnityEngine.Object,string)
  at OVRRuntimeSettings.GetRuntimeSettings () [0x00056] in C:\Users\Luiz\Documents\Jogo-Trilha-Lagoa-da-Mata\Assets\Oculus\VR\Scripts\OVRRuntimeSettings.cs:172 
  at OVRRuntimeSettings.get_Instance () [0x0000d] in C:\Users\Luiz\Documents\Jogo-Trilha-Lagoa-da-Mata\Assets\Oculus\VR\Scripts\OVRRuntimeSettings.cs:40 
  at OVRTelemetry.get_IsActive () [0x00000] in C:\Users\Luiz\Documents\Jogo-Trilha-Lagoa-da-Mata\Assets\Oculus\VR\Scripts\OVRTelemetry\OVRTelemetry.cs:40 
  at OVRTelemetry.get_Client () [0x00000] in C:\Users\Luiz\Documents\Jogo-Trilha-Lagoa-da-Mata\Assets\Oculus\VR\Scripts\OVRTelemetry\OVRTelemetry.cs:46 
  at OVRTelemetryMarker..ctor (System.Int32 markerId, System.Int32 instanceKey, System.Int64 timestampMs) [0x00000] in C:\Users\Luiz\Documents\Jogo-Trilha-Lagoa-da-Mata\Assets\Oculus\VR\Scripts\OVRTelemetry\OVRTelemetryMarker.cs:54 
  at OVRTelemetry.Start (System.Int32 markerId, System.Int32 instanceKey, System.Int64 timestampMs) [0x00000] in C:\Users\Luiz\Documents\Jogo-Trilha-Lagoa-da-Mata\Assets\Oculus\VR\Scripts\OVRTelemetry\OVRTelemetry.cs:157 
  at OVRTelemetry.SendEvent (System.Int32 markerId, OVRPlugin+Qpl+ResultType result) [0x00000] in C:\Users\Luiz\Documents\Jogo-Trilha-Lagoa-da-Mata\Assets\Oculus\VR\Scripts\OVRTelemetry\OVRTelemetry.cs:163 
  at OVREditorStart..cctor () [0x00023] in C:\Users\Luiz\Documents\Jogo-Trilha-Lagoa-da-Mata\Assets\Oculus\VR\Editor\OVRTelemetry\OVREditorStart.cs:35 
Mono: successfully reloaded assembly
- Completed reload, in  1.923 seconds
Domain Reload Profiling:
	ReloadAssembly (1924ms)
		BeginReloadAssembly (195ms)
			ExecutionOrderSort (0ms)
			DisableScriptedObjects (5ms)
			BackupInstance (0ms)
			ReleaseScriptingObjects (0ms)
			CreateAndSetChildDomain (87ms)
		EndReloadAssembly (1639ms)
			LoadAssemblies (95ms)
			RebuildTransferFunctionScriptingTraits (0ms)
			SetupTypeCache (421ms)
			ReleaseScriptCaches (3ms)
			RebuildScriptCaches (85ms)
			SetupLoadedEditorAssemblies (977ms)
				LogAssemblyErrors (0ms)
				InitializePlatformSupportModulesInManaged (19ms)
				SetLoadedEditorAssemblies (1ms)
				RefreshPlugins (2ms)
				BeforeProcessingInitializeOnLoad (86ms)
				ProcessInitializeOnLoadAttributes (740ms)
				ProcessInitializeOnLoadMethodAttributes (123ms)
				AfterProcessingInitializeOnLoad (5ms)
				EditorAssembliesLoaded (0ms)
			ExecutionOrderSort2 (0ms)
			AwakeInstancesAfterBackupRestoration (6ms)
Platform modules already initialized, skipping
Shader 'MTE/Specialized/Mali 400/Surface/2 Textures/Bumped': fallback shader 'MTE/Specialized/Mali 400/Legacy/2 Textures/Diffuse' not found
Shader 'Oculus/OVRMRCameraFrameLit': fallback shader 'Alpha-Diffuse' not found
Shader 'MTE/Specialized/Mali 400/Surface/3 Textures/Bumped': fallback shader 'MTE/Specialized/Mali 400/Legacy/3 Textures/Diffuse' not found
Refreshing native plugins compatible for Editor in 9.44 ms, found 15 plugins.
Preloading 2 native plugins for Editor in 0.06 ms.
Unloading 6257 Unused Serialized files (Serialized files now loaded: 0)
Unloading 111 unused Assets / (4.3 MB). Loaded Objects now: 7117.
Memory consumption went from 427.2 MB to 422.9 MB.
Total: 7.947300 ms (FindLiveObjects: 0.623600 ms CreateObjectMapping: 0.185200 ms MarkObjects: 4.382300 ms  DeleteObjects: 2.754100 ms)

AssetImportParameters requested are different than current active one (requested -> active):
  custom:video-decoder-ogg-theora: a1e56fd34408186e4bbccfd4996cb3dc -> 
  custom:container-muxer-webm: aa71ff27fc2769a1b78a27578f13a17b -> 
  custom:container-demuxer-webm: 4f35f7cbe854078d1ac9338744f61a02 -> 
  custom:video-encoder-webm-vp8: eb34c28f22e8b96e1ab97ce403110664 -> 
  custom:audio-encoder-webm-vorbis: bf7c407c2cedff20999df2af8eb42d56 -> 
  custom:framework-win-MediaFoundation: 216162199b28c13a410421893ffa2e32 -> 
  custom:container-demuxer-ogg: 62fdf1f143b41e24485cea50d1cbac27 -> 
  custom:video-decoder-webm-vp8: 9c59270c3fd7afecdb556c50c9e8de78 -> 
  custom:audio-decoder-ogg-vorbis: bf7c407c2cedff20999df2af8eb42d56 -> 
========================================================================
Received Import Request.
  Time since last request: 1031.096711 seconds.
  path: Assets/Water/VWater/Materials/VWater Bubble.mat
  artifactKey: Guid(0c668c9e0d6a8094084b27725f8f18a0) Importer(815301076,1909f56bfc062723c751e8b465ee728b)
Start importing Assets/Water/VWater/Materials/VWater Bubble.mat using Guid(0c668c9e0d6a8094084b27725f8f18a0) Importer(815301076,1909f56bfc062723c751e8b465ee728b)  -> (artifact id: '4ad0bffa0ef7cabdbcfa1e5ad9c0e07d') in 0.242658 seconds 
========================================================================
Received Import Request.
  Time since last request: 0.000090 seconds.
  path: Assets/Water/VWater/Materials/VWater_View.mat
  artifactKey: Guid(8a6529b75b1fe468ca02924d4712290d) Importer(815301076,1909f56bfc062723c751e8b465ee728b)
Start importing Assets/Water/VWater/Materials/VWater_View.mat using Guid(8a6529b75b1fe468ca02924d4712290d) Importer(815301076,1909f56bfc062723c751e8b465ee728b)  -> (artifact id: 'c18db988f30a3f5b1d6aa604b974880f') in 0.120164 seconds 
========================================================================
Received Import Request.
  Time since last request: 0.000039 seconds.
  path: Assets/Water/VWater/Materials/WaterDrop.mat
  artifactKey: Guid(d4a3d0f5db1953f4399d6e1f62a5f79d) Importer(815301076,1909f56bfc062723c751e8b465ee728b)
Start importing Assets/Water/VWater/Materials/WaterDrop.mat using Guid(d4a3d0f5db1953f4399d6e1f62a5f79d) Importer(815301076,1909f56bfc062723c751e8b465ee728b)  -> (artifact id: '1f2ba4d90a7d70919218e34ca254b1d5') in 3.406283 seconds 
========================================================================
Received Import Request.
  Time since last request: 0.000036 seconds.
  path: Assets/Water/VWater/Materials/WaterSplash.mat
  artifactKey: Guid(261126aeb7678b244a1d6c837902b876) Importer(815301076,1909f56bfc062723c751e8b465ee728b)
Start importing Assets/Water/VWater/Materials/WaterSplash.mat using Guid(261126aeb7678b244a1d6c837902b876) Importer(815301076,1909f56bfc062723c751e8b465ee728b)  -> (artifact id: 'bb470a57b62cc65c8e95241590aed4a8') in 1.833538 seconds 
========================================================================
Received Import Request.
  Time since last request: 0.000105 seconds.
  path: Assets/Water/VWater/Materials/VWater Default.mat
  artifactKey: Guid(4475b773f48a84c16a5a87ccf749da1a) Importer(815301076,1909f56bfc062723c751e8b465ee728b)
Start importing Assets/Water/VWater/Materials/VWater Default.mat using Guid(4475b773f48a84c16a5a87ccf749da1a) Importer(815301076,1909f56bfc062723c751e8b465ee728b)  -> (artifact id: '051c4cac27794a5a93a71bfe23bea871') in 0.074370 seconds 
