Using pre-set license
Built from '2021.3/staging' branch; Version is '2021.3.11f1 (0a5ca18544bf) revision 679073'; Using compiler version '192829333'; Build Type 'Release'
OS: 'Windows 10  (10.0.19045) 64bit Professional' Language: 'pt' Physical Memory: 32146 MB
BatchMode: 1, IsHumanControllingUs: 0, StartBugReporterOnCrash: 0, Is64bit: 1, IsPro: 1

COMMAND LINE ARGUMENTS:
C:\Program Files\Unity\Hub\Editor\2021.3.11f1\Editor\Unity.exe
-adb2
-batchMode
-noUpm
-name
AssetImportWorker4
-projectPath
C:/Users/Luiz/Documents/Jogo-Trilha-Lagoa-da-Mata
-logFile
Logs/AssetImportWorker4.log
-srvPort
55571
Successfully changed project path to: C:/Users/Luiz/Documents/Jogo-Trilha-Lagoa-da-Mata
C:/Users/Luiz/Documents/Jogo-Trilha-Lagoa-da-Mata
[UnityMemory] Configuration Parameters - Can be set up in boot.config
    "memorysetup-bucket-allocator-granularity=16"
    "memorysetup-bucket-allocator-bucket-count=8"
    "memorysetup-bucket-allocator-block-size=33554432"
    "memorysetup-bucket-allocator-block-count=8"
    "memorysetup-main-allocator-block-size=16777216"
    "memorysetup-thread-allocator-block-size=16777216"
    "memorysetup-gfx-main-allocator-block-size=16777216"
    "memorysetup-gfx-thread-allocator-block-size=16777216"
    "memorysetup-cache-allocator-block-size=4194304"
    "memorysetup-typetree-allocator-block-size=2097152"
    "memorysetup-profiler-bucket-allocator-granularity=16"
    "memorysetup-profiler-bucket-allocator-bucket-count=8"
    "memorysetup-profiler-bucket-allocator-block-size=33554432"
    "memorysetup-profiler-bucket-allocator-block-count=8"
    "memorysetup-profiler-allocator-block-size=16777216"
    "memorysetup-profiler-editor-allocator-block-size=1048576"
    "memorysetup-temp-allocator-size-main=16777216"
    "memorysetup-job-temp-allocator-block-size=2097152"
    "memorysetup-job-temp-allocator-block-size-background=1048576"
    "memorysetup-job-temp-allocator-reduction-small-platforms=262144"
    "memorysetup-temp-allocator-size-background-worker=32768"
    "memorysetup-temp-allocator-size-job-worker=262144"
    "memorysetup-temp-allocator-size-preload-manager=33554432"
    "memorysetup-temp-allocator-size-nav-mesh-worker=65536"
    "memorysetup-temp-allocator-size-audio-worker=65536"
    "memorysetup-temp-allocator-size-cloud-worker=32768"
    "memorysetup-temp-allocator-size-gi-baking-worker=262144"
    "memorysetup-temp-allocator-size-gfx=262144"
Refreshing native plugins compatible for Editor in 164.58 ms, found 15 plugins.
Preloading 2 native plugins for Editor in 1.87 ms.
Initialize engine version: 2021.3.11f1 (0a5ca18544bf)
[Subsystems] Discovering subsystems at path C:/Program Files/Unity/Hub/Editor/2021.3.11f1/Editor/Data/Resources/UnitySubsystems
[Subsystems] Discovering subsystems at path C:/Users/Luiz/Documents/Jogo-Trilha-Lagoa-da-Mata/Assets
GfxDevice: creating device client; threaded=0; jobified=0
Direct3D:
    Version:  Direct3D 11.0 [level 11.1]
    Renderer: AMD Radeon(TM) Graphics (ID=0x1636)
    Vendor:   ATI
    VRAM:     16073 MB
    Driver:   31.0.21921.1000
Shader 'Oculus/OVRMRCameraFrameLit': fallback shader 'Alpha-Diffuse' not found
Shader 'MTE/Specialized/Mali 400/Surface/3 Textures/Bumped': fallback shader 'MTE/Specialized/Mali 400/Legacy/3 Textures/Diffuse' not found
Shader 'MTE/Specialized/Mali 400/Surface/2 Textures/Bumped': fallback shader 'MTE/Specialized/Mali 400/Legacy/2 Textures/Diffuse' not found
Initialize mono
Mono path[0] = 'C:/Program Files/Unity/Hub/Editor/2021.3.11f1/Editor/Data/Managed'
Mono path[1] = 'C:/Program Files/Unity/Hub/Editor/2021.3.11f1/Editor/Data/MonoBleedingEdge/lib/mono/unityjit-win32'
Mono config path = 'C:/Program Files/Unity/Hub/Editor/2021.3.11f1/Editor/Data/MonoBleedingEdge/etc'
Using monoOptions --debugger-agent=transport=dt_socket,embedding=1,server=y,suspend=n,address=127.0.0.1:56968
Begin MonoManager ReloadAssembly
Registering precompiled unity dll's ...
Register platform support module: C:/Program Files/Unity/Hub/Editor/2021.3.11f1/Editor/Data/PlaybackEngines/AndroidPlayer/UnityEditor.Android.Extensions.dll
Register platform support module: C:/Program Files/Unity/Hub/Editor/2021.3.11f1/Editor/Data/PlaybackEngines/WindowsStandaloneSupport/UnityEditor.WindowsStandalone.Extensions.dll
Registered in 0.004715 seconds.
Native extension for WindowsStandalone target not found
Native extension for Android target not found
Refreshing native plugins compatible for Editor in 145.26 ms, found 15 plugins.
Preloading 2 native plugins for Editor in 0.06 ms.
Mono: successfully reloaded assembly
- Completed reload, in  0.639 seconds
Domain Reload Profiling:
	ReloadAssembly (639ms)
		BeginReloadAssembly (62ms)
			ExecutionOrderSort (0ms)
			DisableScriptedObjects (0ms)
			BackupInstance (0ms)
			ReleaseScriptingObjects (0ms)
			CreateAndSetChildDomain (1ms)
		EndReloadAssembly (486ms)
			LoadAssemblies (62ms)
			RebuildTransferFunctionScriptingTraits (0ms)
			SetupTypeCache (92ms)
			ReleaseScriptCaches (0ms)
			RebuildScriptCaches (26ms)
			SetupLoadedEditorAssemblies (320ms)
				LogAssemblyErrors (0ms)
				InitializePlatformSupportModulesInManaged (48ms)
				SetLoadedEditorAssemblies (0ms)
				RefreshPlugins (145ms)
				BeforeProcessingInitializeOnLoad (1ms)
				ProcessInitializeOnLoadAttributes (84ms)
				ProcessInitializeOnLoadMethodAttributes (41ms)
				AfterProcessingInitializeOnLoad (0ms)
				EditorAssembliesLoaded (0ms)
			ExecutionOrderSort2 (0ms)
			AwakeInstancesAfterBackupRestoration (0ms)
Platform modules already initialized, skipping
Registering precompiled user dll's ...
Registered in 0.009202 seconds.
Begin MonoManager ReloadAssembly
Symbol file LoadedFromMemory doesn't match image C:\Users\Luiz\Documents\Jogo-Trilha-Lagoa-da-Mata\Library\PackageCache\com.unity.visualscripting@1.7.8\Editor\VisualScripting.Core\Dependencies\DotNetZip\Unity.VisualScripting.IonicZip.dll
Symbol file LoadedFromMemory doesn't match image C:\Users\Luiz\Documents\Jogo-Trilha-Lagoa-da-Mata\Library\PackageCache\com.unity.visualscripting@1.7.8\Editor\VisualScripting.Core\Dependencies\YamlDotNet\Unity.VisualScripting.YamlDotNet.dll
Native extension for WindowsStandalone target not found
Native extension for Android target not found
Refreshing native plugins compatible for Editor in 147.22 ms, found 15 plugins.
Preloading 2 native plugins for Editor in 0.06 ms.
DisplayProgressbar: Restoring NuGet Packages
Initializing Mesh Terrain Editor v4.0.0b1 on Unity 2021.3.11f1...
UnityEngine.StackTraceUtility:ExtractStackTrace ()
UnityEngine.DebugLogHandler:LogFormat (UnityEngine.LogType,UnityEngine.Object,string,object[])
UnityEngine.Logger:Log (UnityEngine.LogType,object)
UnityEngine.Debug:Log (object)
_4Lx0bEMlh0Z40TCezoxVJOBfdgU_:⁬⁯‫⁮​‍⁯‏‭‪​‭‌⁯‫‏‫⁫‪‬‎⁪‍⁭‪‮‎‭‭‫‭​⁬⁭‬⁭‏‬‏‎‮ (object)
_4Lx0bEMlh0Z40TCezoxVJOBfdgU_:_BK57FowBFxgwhLd64I4lOTbiX2B_ (bool)
_4Lx0bEMlh0Z40TCezoxVJOBfdgU_:_yZ0KkA7QWoBI4owQXGQsH7mtOid_ ()
_4Lx0bEMlh0Z40TCezoxVJOBfdgU_:.cctor ()
System.Runtime.CompilerServices.RuntimeHelpers:RunClassConstructor (System.RuntimeTypeHandle)
UnityEditor.EditorAssemblies:ProcessInitializeOnLoadAttributes (System.Type[])

[MTE]Cannot find Amplify Shader Editor, features based on ASE might be disabled.
Please upgrade ASE to latest version and restart Unity.
UnityEngine.StackTraceUtility:ExtractStackTrace ()
UnityEngine.DebugLogHandler:LogFormat (UnityEngine.LogType,UnityEngine.Object,string,object[])
UnityEngine.Logger:Log (UnityEngine.LogType,object)
UnityEngine.Debug:LogWarning (object)
MTE.MTEDebug:⁪‌⁭‍‬⁫⁯⁪‌‮⁫⁯‬‎‏‭‌‍⁯⁮⁯‎​⁮⁭⁮⁪⁮⁭‍‏⁯‪⁪‎⁭‏‍​‎‮ (object)
MTE.MTEDebug:LogWarning (string)
_4Lx0bEMlh0Z40TCezoxVJOBfdgU_:_BK57FowBFxgwhLd64I4lOTbiX2B_ (bool)
_4Lx0bEMlh0Z40TCezoxVJOBfdgU_:_yZ0KkA7QWoBI4owQXGQsH7mtOid_ ()
_4Lx0bEMlh0Z40TCezoxVJOBfdgU_:.cctor ()
System.Runtime.CompilerServices.RuntimeHelpers:RunClassConstructor (System.RuntimeTypeHandle)
UnityEditor.EditorAssemblies:ProcessInitializeOnLoadAttributes (System.Type[])

Initializing Mesh Terrain Editor...Done
UnityEngine.StackTraceUtility:ExtractStackTrace ()
UnityEngine.DebugLogHandler:LogFormat (UnityEngine.LogType,UnityEngine.Object,string,object[])
UnityEngine.Logger:Log (UnityEngine.LogType,object)
UnityEngine.Debug:Log (object)
_4Lx0bEMlh0Z40TCezoxVJOBfdgU_:⁬⁯‫⁮​‍⁯‏‭‪​‭‌⁯‫‏‫⁫‪‬‎⁪‍⁭‪‮‎‭‭‫‭​⁬⁭‬⁭‏‬‏‎‮ (object)
_4Lx0bEMlh0Z40TCezoxVJOBfdgU_:_BK57FowBFxgwhLd64I4lOTbiX2B_ (bool)
_4Lx0bEMlh0Z40TCezoxVJOBfdgU_:_yZ0KkA7QWoBI4owQXGQsH7mtOid_ ()
_4Lx0bEMlh0Z40TCezoxVJOBfdgU_:.cctor ()
System.Runtime.CompilerServices.RuntimeHelpers:RunClassConstructor (System.RuntimeTypeHandle)
UnityEditor.EditorAssemblies:ProcessInitializeOnLoadAttributes (System.Type[])

Package Manager log level set to [2]
[XR] OculusXRPlugin: registering subsystems
[XR] Unable to register display lifecyle provider: [1]
[XR] Oculus Input lifecycle provider registered.
[XR] Unable to register input lifecyle provider: [1]
[XR] OVRP version 1.89.0
Mono: successfully reloaded assembly
- Completed reload, in  9.824 seconds
Domain Reload Profiling:
	ReloadAssembly (9826ms)
		BeginReloadAssembly (216ms)
			ExecutionOrderSort (0ms)
			DisableScriptedObjects (5ms)
			BackupInstance (0ms)
			ReleaseScriptingObjects (0ms)
			CreateAndSetChildDomain (128ms)
		EndReloadAssembly (9507ms)
			LoadAssemblies (6403ms)
			RebuildTransferFunctionScriptingTraits (0ms)
			SetupTypeCache (422ms)
			ReleaseScriptCaches (1ms)
			RebuildScriptCaches (95ms)
			SetupLoadedEditorAssemblies (2482ms)
				LogAssemblyErrors (0ms)
				InitializePlatformSupportModulesInManaged (11ms)
				SetLoadedEditorAssemblies (0ms)
				RefreshPlugins (147ms)
				BeforeProcessingInitializeOnLoad (119ms)
				ProcessInitializeOnLoadAttributes (1057ms)
				ProcessInitializeOnLoadMethodAttributes (1142ms)
				AfterProcessingInitializeOnLoad (4ms)
				EditorAssembliesLoaded (0ms)
			ExecutionOrderSort2 (0ms)
			AwakeInstancesAfterBackupRestoration (7ms)
Platform modules already initialized, skipping
========================================================================
Worker process is ready to serve import requests
Shader 'MTE/Specialized/Mali 400/Surface/2 Textures/Bumped': fallback shader 'MTE/Specialized/Mali 400/Legacy/2 Textures/Diffuse' not found
Shader 'Oculus/OVRMRCameraFrameLit': fallback shader 'Alpha-Diffuse' not found
Shader 'MTE/Specialized/Mali 400/Surface/3 Textures/Bumped': fallback shader 'MTE/Specialized/Mali 400/Legacy/3 Textures/Diffuse' not found
Launched and connected shader compiler UnityShaderCompiler.exe after 0.04 seconds
Refreshing native plugins compatible for Editor in 1.76 ms, found 15 plugins.
Preloading 2 native plugins for Editor in 0.09 ms.
Unloading 6583 Unused Serialized files (Serialized files now loaded: 0)
Unloading 122 unused Assets / (4.6 MB). Loaded Objects now: 7047.
Memory consumption went from 442.0 MB to 437.4 MB.
Total: 5.633200 ms (FindLiveObjects: 0.707200 ms CreateObjectMapping: 0.294700 ms MarkObjects: 3.387500 ms  DeleteObjects: 1.242800 ms)

AssetImportParameters requested are different than current active one (requested -> active):
  custom:video-decoder-ogg-theora: a1e56fd34408186e4bbccfd4996cb3dc -> 
  custom:container-muxer-webm: aa71ff27fc2769a1b78a27578f13a17b -> 
  custom:container-demuxer-webm: 4f35f7cbe854078d1ac9338744f61a02 -> 
  custom:video-encoder-webm-vp8: eb34c28f22e8b96e1ab97ce403110664 -> 
  custom:audio-encoder-webm-vorbis: bf7c407c2cedff20999df2af8eb42d56 -> 
  custom:framework-win-MediaFoundation: 216162199b28c13a410421893ffa2e32 -> 
  custom:container-demuxer-ogg: 62fdf1f143b41e24485cea50d1cbac27 -> 
  custom:video-decoder-webm-vp8: 9c59270c3fd7afecdb556c50c9e8de78 -> 
  custom:audio-decoder-ogg-vorbis: bf7c407c2cedff20999df2af8eb42d56 -> 
========================================================================
Received Import Request.
  Time since last request: 186932.745292 seconds.
  path: Assets/Scripts/theEndLog.cs
  artifactKey: Guid(572da1af5a3aa744e9e569b86d5a419a) Importer(815301076,1909f56bfc062723c751e8b465ee728b)
Start importing Assets/Scripts/theEndLog.cs using Guid(572da1af5a3aa744e9e569b86d5a419a) Importer(815301076,1909f56bfc062723c751e8b465ee728b)  -> (artifact id: '52ddd1924aa38ec6be6d9bf0e512b9a6') in 0.052098 seconds 
========================================================================
Received Import Request.
  Time since last request: 0.660628 seconds.
  path: Assets/Scripts
  artifactKey: Guid(8e3e56d90729be743a8539e35830665a) Importer(815301076,1909f56bfc062723c751e8b465ee728b)
Start importing Assets/Scripts using Guid(8e3e56d90729be743a8539e35830665a) Importer(815301076,1909f56bfc062723c751e8b465ee728b)  -> (artifact id: '1b7301330950f86a77291867e926919a') in 0.011977 seconds 
========================================================================
Received Import Request.
  Time since last request: 12.200535 seconds.
  path: Assets/Scripts/aaa.mat
  artifactKey: Guid(006c7c8a1a06da64fbfcac89ef06974b) Importer(815301076,1909f56bfc062723c751e8b465ee728b)
Start importing Assets/Scripts/aaa.mat using Guid(006c7c8a1a06da64fbfcac89ef06974b) Importer(815301076,1909f56bfc062723c751e8b465ee728b)  -> (artifact id: '9bab945358d5e799bb9c0a805e5c6d0a') in 0.107766 seconds 
========================================================================
Received Import Request.
  Time since last request: 1613.763562 seconds.
  path: Assets/Scripts/aaa.mat
  artifactKey: Guid(006c7c8a1a06da64fbfcac89ef06974b) Importer(815301076,1909f56bfc062723c751e8b465ee728b)
Start importing Assets/Scripts/aaa.mat using Guid(006c7c8a1a06da64fbfcac89ef06974b) Importer(815301076,1909f56bfc062723c751e8b465ee728b)  -> (artifact id: 'beee8f77fc372204a622d86148e741b9') in 0.128463 seconds 
========================================================================
Received Import Request.
  Time since last request: 80250.037902 seconds.
  path: Assets/Elementos_Cena/Arvores/Arvores P_G Floresta/Plants/Lemon/Source/Textures/Lemon Bark Color.png
  artifactKey: Guid(8d928fcad34ba0242a75b360decfed98) Importer(815301076,1909f56bfc062723c751e8b465ee728b)
Start importing Assets/Elementos_Cena/Arvores/Arvores P_G Floresta/Plants/Lemon/Source/Textures/Lemon Bark Color.png using Guid(8d928fcad34ba0242a75b360decfed98) Importer(815301076,1909f56bfc062723c751e8b465ee728b)  -> (artifact id: 'ca00f4f43504d5484f5a1ceab5f94b38') in 0.107912 seconds 
========================================================================
Received Import Request.
  Time since last request: 0.000049 seconds.
  path: Assets/Elementos_Cena/Arvores/Arvores P_G Floresta/Plants/Lemon/Source/Textures/Lemon Branch Color.png
  artifactKey: Guid(b546e2259560a7541ad7cb60338d3d7d) Importer(815301076,1909f56bfc062723c751e8b465ee728b)
Start importing Assets/Elementos_Cena/Arvores/Arvores P_G Floresta/Plants/Lemon/Source/Textures/Lemon Branch Color.png using Guid(b546e2259560a7541ad7cb60338d3d7d) Importer(815301076,1909f56bfc062723c751e8b465ee728b)  -> (artifact id: '01bb7d216e43b5c87ce5f9120e3b387b') in 0.042990 seconds 
========================================================================
Received Import Request.
  Time since last request: 0.000069 seconds.
  path: Assets/Elementos_Cena/Arvores/Arvores P_G Floresta/Plants/Lemon/Source/Textures/Lemon Branch Normal.png
  artifactKey: Guid(984330eebef34dc4d9b1cd7cebda3c01) Importer(815301076,1909f56bfc062723c751e8b465ee728b)
Start importing Assets/Elementos_Cena/Arvores/Arvores P_G Floresta/Plants/Lemon/Source/Textures/Lemon Branch Normal.png using Guid(984330eebef34dc4d9b1cd7cebda3c01) Importer(815301076,1909f56bfc062723c751e8b465ee728b)  -> (artifact id: 'ff44d2f0b027ced75a8e67a1cbe39a24') in 0.040488 seconds 
========================================================================
Received Import Request.
  Time since last request: 2.247184 seconds.
  path: Assets/Tree10/Leaf18_N.png
  artifactKey: Guid(3598650e07235764aa3058413bb1d903) Importer(815301076,1909f56bfc062723c751e8b465ee728b)
Start importing Assets/Tree10/Leaf18_N.png using Guid(3598650e07235764aa3058413bb1d903) Importer(815301076,1909f56bfc062723c751e8b465ee728b)  -> (artifact id: '813a969c5216f094e1a649185b67950c') in 0.056427 seconds 
========================================================================
Received Import Request.
  Time since last request: 0.000026 seconds.
  path: Assets/Placas_ATLM/Materials/Lemon Bark Color SIgn.png
  artifactKey: Guid(804c511e72567be469e57bdd9115e876) Importer(815301076,1909f56bfc062723c751e8b465ee728b)
Start importing Assets/Placas_ATLM/Materials/Lemon Bark Color SIgn.png using Guid(804c511e72567be469e57bdd9115e876) Importer(815301076,1909f56bfc062723c751e8b465ee728b)  -> (artifact id: 'c95140c78853144aed0f3028730a78a9') in 0.107435 seconds 
========================================================================
Received Import Request.
  Time since last request: 0.000047 seconds.
  path: Assets/Placas_ATLM/Materials/Lemon Bark Normal Sign.png
  artifactKey: Guid(7a2dc07567916be409b31cb00705fae7) Importer(815301076,1909f56bfc062723c751e8b465ee728b)
Start importing Assets/Placas_ATLM/Materials/Lemon Bark Normal Sign.png using Guid(7a2dc07567916be409b31cb00705fae7) Importer(815301076,1909f56bfc062723c751e8b465ee728b)  -> (artifact id: '81c4deee091c57b618b97daff61dd6db') in 0.038238 seconds 
========================================================================
Received Import Request.
  Time since last request: 0.000032 seconds.
  path: Assets/Placas_ATLM/Materials/Lemon Bark Color Sign (1).png
  artifactKey: Guid(7fd588347685b5a458e709eb6d1491ac) Importer(815301076,1909f56bfc062723c751e8b465ee728b)
Start importing Assets/Placas_ATLM/Materials/Lemon Bark Color Sign (1).png using Guid(7fd588347685b5a458e709eb6d1491ac) Importer(815301076,1909f56bfc062723c751e8b465ee728b)  -> (artifact id: '43db82733eed09cef804588b771c1a76') in 0.096160 seconds 
========================================================================
Received Import Request.
  Time since last request: 0.797204 seconds.
  path: Packages/com.unity.postprocessing/PostProcessing/Textures/Lens Dirt/LensDirt00.png
  artifactKey: Guid(69e847bbff1cf5449a4ee0bbd045dbc9) Importer(815301076,1909f56bfc062723c751e8b465ee728b)
Start importing Packages/com.unity.postprocessing/PostProcessing/Textures/Lens Dirt/LensDirt00.png using Guid(69e847bbff1cf5449a4ee0bbd045dbc9) Importer(815301076,1909f56bfc062723c751e8b465ee728b)  -> (artifact id: '0b5cb8f1e7d5747bb59b38b68e924788') in 0.114827 seconds 
========================================================================
Received Import Request.
  Time since last request: 0.000044 seconds.
  path: Packages/com.unity.postprocessing/PostProcessing/Textures/Lens Dirt/LensDirt02.png
  artifactKey: Guid(a2960ffde020f27409e070d92fb2e00b) Importer(815301076,1909f56bfc062723c751e8b465ee728b)
Start importing Packages/com.unity.postprocessing/PostProcessing/Textures/Lens Dirt/LensDirt02.png using Guid(a2960ffde020f27409e070d92fb2e00b) Importer(815301076,1909f56bfc062723c751e8b465ee728b)  -> (artifact id: 'b3e0ceefc111de2c92d9916d2c41b3ac') in 0.098155 seconds 
========================================================================
Received Import Request.
  Time since last request: 0.221213 seconds.
  path: Packages/com.unity.postprocessing/PostProcessing/Textures/Lens Dirt/LensDirt03.png
  artifactKey: Guid(7a051dbda2d7bc447bee412427cd311e) Importer(815301076,1909f56bfc062723c751e8b465ee728b)
Start importing Packages/com.unity.postprocessing/PostProcessing/Textures/Lens Dirt/LensDirt03.png using Guid(7a051dbda2d7bc447bee412427cd311e) Importer(815301076,1909f56bfc062723c751e8b465ee728b)  -> (artifact id: 'ef2b91f4833e111cd45d63a339d967b0') in 0.074972 seconds 
========================================================================
Received Import Request.
  Time since last request: 0.000026 seconds.
  path: Assets/Oculus/SampleFramework/Usage/CustomHands/Lightmap-0_comp_dir.png
  artifactKey: Guid(3887f5957ec7b0a4b99173c8b1f8d66c) Importer(815301076,1909f56bfc062723c751e8b465ee728b)
Start importing Assets/Oculus/SampleFramework/Usage/CustomHands/Lightmap-0_comp_dir.png using Guid(3887f5957ec7b0a4b99173c8b1f8d66c) Importer(815301076,1909f56bfc062723c751e8b465ee728b)  -> (artifact id: '17dbab5e1193905bd7cdaf54da8a59e1') in 0.041647 seconds 
========================================================================
Received Import Request.
  Time since last request: 0.000029 seconds.
  path: Assets/Elementos_Cena/Arvores/Arbustos/Standard Assets/Effects/LightCookies/Textures/LightHardCookie.psd
  artifactKey: Guid(1167c0a28d11119930004d8a4241aa39) Importer(815301076,1909f56bfc062723c751e8b465ee728b)
Start importing Assets/Elementos_Cena/Arvores/Arbustos/Standard Assets/Effects/LightCookies/Textures/LightHardCookie.psd using Guid(1167c0a28d11119930004d8a4241aa39) Importer(815301076,1909f56bfc062723c751e8b465ee728b)  -> (artifact id: '253461ed34d44c00fcb129869338711d') in 0.037255 seconds 
========================================================================
Received Import Request.
  Time since last request: 0.000029 seconds.
  path: Assets/TextMesh Pro/Resources/Fonts & Materials/LiberationSans SDF.asset
  artifactKey: Guid(8f586378b4e144a9851e7b34d9b748ee) Importer(815301076,1909f56bfc062723c751e8b465ee728b)
Start importing Assets/TextMesh Pro/Resources/Fonts & Materials/LiberationSans SDF.asset using Guid(8f586378b4e144a9851e7b34d9b748ee) Importer(815301076,1909f56bfc062723c751e8b465ee728b)  -> (artifact id: '982cc5d66632f200d3bd697fe2956c3e') in 0.149203 seconds 
========================================================================
Received Import Request.
  Time since last request: 0.067786 seconds.
  path: Assets/Oculus/SampleFramework/Usage/HandsTrainExample/TrainScene/Lightmap-0_comp_dir.png
  artifactKey: Guid(3e1e7440b4e5ffe49be50693709e4472) Importer(815301076,1909f56bfc062723c751e8b465ee728b)
Start importing Assets/Oculus/SampleFramework/Usage/HandsTrainExample/TrainScene/Lightmap-0_comp_dir.png using Guid(3e1e7440b4e5ffe49be50693709e4472) Importer(815301076,1909f56bfc062723c751e8b465ee728b)  -> (artifact id: '54561e673dc30a839445874745e89c13') in 0.053972 seconds 
========================================================================
Received Import Request.
  Time since last request: 0.000035 seconds.
  path: Assets/Oculus/SampleFramework/Usage/HandsTrainExample/TrainScene/Lightmap-1_comp_light.exr
  artifactKey: Guid(f02543222e5a4d144b8947c8947be81a) Importer(815301076,1909f56bfc062723c751e8b465ee728b)
Start importing Assets/Oculus/SampleFramework/Usage/HandsTrainExample/TrainScene/Lightmap-1_comp_light.exr using Guid(f02543222e5a4d144b8947c8947be81a) Importer(815301076,1909f56bfc062723c751e8b465ee728b)  -> (artifact id: '91b31ea7ebbf53000acb8ab2db29acb4') in 0.054759 seconds 
========================================================================
Received Import Request.
  Time since last request: 0.000024 seconds.
  path: Assets/Oculus/SampleFramework/Usage/HandsTrainExample/TrainScene/Lightmap-2_comp_dir.png
  artifactKey: Guid(f46e7852c315af74fb314eb5ee922ca1) Importer(815301076,1909f56bfc062723c751e8b465ee728b)
Start importing Assets/Oculus/SampleFramework/Usage/HandsTrainExample/TrainScene/Lightmap-2_comp_dir.png using Guid(f46e7852c315af74fb314eb5ee922ca1) Importer(815301076,1909f56bfc062723c751e8b465ee728b)  -> (artifact id: 'be45c3069b3bedbc4c52a1fcc4eba8bc') in 0.055849 seconds 
========================================================================
Received Import Request.
  Time since last request: 0.000058 seconds.
  path: Assets/Oculus/SampleFramework/Usage/CustomHands/Lightmap-0_comp_light.exr
  artifactKey: Guid(e2f2d08d9f455a14fad088f364a731ae) Importer(815301076,1909f56bfc062723c751e8b465ee728b)
Start importing Assets/Oculus/SampleFramework/Usage/CustomHands/Lightmap-0_comp_light.exr using Guid(e2f2d08d9f455a14fad088f364a731ae) Importer(815301076,1909f56bfc062723c751e8b465ee728b)  -> (artifact id: 'a3b8bebfc46e27fd7367425d5bff6d52') in 0.052489 seconds 
========================================================================
Received Import Request.
  Time since last request: 0.086740 seconds.
  path: Assets/Oculus/SampleFramework/Usage/HandsTrainExample/TrainScene/Lightmap-7_comp_light.exr
  artifactKey: Guid(bac5ac38c6372144eac8f9ebf3a638e4) Importer(815301076,1909f56bfc062723c751e8b465ee728b)
Start importing Assets/Oculus/SampleFramework/Usage/HandsTrainExample/TrainScene/Lightmap-7_comp_light.exr using Guid(bac5ac38c6372144eac8f9ebf3a638e4) Importer(815301076,1909f56bfc062723c751e8b465ee728b)  -> (artifact id: '7be4fbebf5e8dc1d02e5eb2a3fea68a8') in 0.042982 seconds 
========================================================================
Received Import Request.
  Time since last request: 0.000027 seconds.
  path: Assets/Oculus/SampleFramework/Usage/HandsTrainExample/TrainScene/Lightmap-8_comp_light.exr
  artifactKey: Guid(d1e8e0b8c20818c43ab8154deb696330) Importer(815301076,1909f56bfc062723c751e8b465ee728b)
Start importing Assets/Oculus/SampleFramework/Usage/HandsTrainExample/TrainScene/Lightmap-8_comp_light.exr using Guid(d1e8e0b8c20818c43ab8154deb696330) Importer(815301076,1909f56bfc062723c751e8b465ee728b)  -> (artifact id: 'f403193b19675d95fcb9208b1f1a372d') in 0.037836 seconds 
========================================================================
Received Import Request.
  Time since last request: 224.447495 seconds.
  path: Assets/Elementos_Cena/Cartas/Cartas_Acao/1 - Floresta dinâmica.png
  artifactKey: Guid(110b936a5fdf1b745ae0080e11cf0f81) Importer(815301076,1909f56bfc062723c751e8b465ee728b)
Start importing Assets/Elementos_Cena/Cartas/Cartas_Acao/1 - Floresta dinâmica.png using Guid(110b936a5fdf1b745ae0080e11cf0f81) Importer(815301076,1909f56bfc062723c751e8b465ee728b)  -> (artifact id: '313512fbb882f810ffb8ac7ec6c44bd8') in 0.070465 seconds 
========================================================================
Received Import Request.
  Time since last request: 0.000026 seconds.
  path: Assets/Elementos_Cena/Cartas/Cartas_Desafio/Cartas_Desafio/2-Resp.A.png
  artifactKey: Guid(1dc8bbfd04044b64bbbe3c40573e4787) Importer(815301076,1909f56bfc062723c751e8b465ee728b)
Start importing Assets/Elementos_Cena/Cartas/Cartas_Desafio/Cartas_Desafio/2-Resp.A.png using Guid(1dc8bbfd04044b64bbbe3c40573e4787) Importer(815301076,1909f56bfc062723c751e8b465ee728b)  -> (artifact id: 'be5bcc29de3d5b6ce8d6d08ff8a29ec6') in 0.062138 seconds 
========================================================================
Received Import Request.
  Time since last request: 0.000031 seconds.
  path: Assets/Elementos_Cena/Cartas/Cartas_Acao/3 - Extração e consumo.png
  artifactKey: Guid(4aa744bddc87e3640b53c2ed1b044b13) Importer(815301076,1909f56bfc062723c751e8b465ee728b)
Start importing Assets/Elementos_Cena/Cartas/Cartas_Acao/3 - Extração e consumo.png using Guid(4aa744bddc87e3640b53c2ed1b044b13) Importer(815301076,1909f56bfc062723c751e8b465ee728b)  -> (artifact id: '0527519ad4a3a6862b0ce48875f72e01') in 0.055921 seconds 
========================================================================
Received Import Request.
  Time since last request: 0.000037 seconds.
  path: Assets/Elementos_Cena/Cartas/Cartas_Acao/2 - Paxiúba.png
  artifactKey: Guid(0438529637b22c24eaf4813046ce2606) Importer(815301076,1909f56bfc062723c751e8b465ee728b)
Start importing Assets/Elementos_Cena/Cartas/Cartas_Acao/2 - Paxiúba.png using Guid(0438529637b22c24eaf4813046ce2606) Importer(815301076,1909f56bfc062723c751e8b465ee728b)  -> (artifact id: 'da1684bc82e8083e8c6bb87098c6b46f') in 0.049267 seconds 
========================================================================
Received Import Request.
  Time since last request: 2.749388 seconds.
  path: Packages/com.unity.inputsystem/InputSystem/Editor/AssetEditor/Resources/pro/actionTreeBackground.png
  artifactKey: Guid(c4b66e31395c54087a2fbc13ae7e0f3c) Importer(815301076,1909f56bfc062723c751e8b465ee728b)
Start importing Packages/com.unity.inputsystem/InputSystem/Editor/AssetEditor/Resources/pro/actionTreeBackground.png using Guid(c4b66e31395c54087a2fbc13ae7e0f3c) Importer(815301076,1909f56bfc062723c751e8b465ee728b)  -> (artifact id: '93a176ad41dcb4452de6fb05a2f8d463') in 0.044663 seconds 
========================================================================
Received Import Request.
  Time since last request: 0.000030 seconds.
  path: Packages/com.unity.collab-proxy/Editor/PlasticSCM/Assets/Images/d_iconconflictresolvedoverlay.png
  artifactKey: Guid(056ee72c467a4e24d87541d42839ca72) Importer(815301076,1909f56bfc062723c751e8b465ee728b)
Start importing Packages/com.unity.collab-proxy/Editor/PlasticSCM/Assets/Images/d_iconconflictresolvedoverlay.png using Guid(056ee72c467a4e24d87541d42839ca72) Importer(815301076,1909f56bfc062723c751e8b465ee728b)  -> (artifact id: 'cc6cd30a5957ce5223e89a7d433f0b9a') in 0.076987 seconds 
========================================================================
Received Import Request.
  Time since last request: 0.000033 seconds.
  path: Packages/com.unity.collab-proxy/Editor/PlasticSCM/Assets/Images/d_iconconflictresolvedoverlay@2x.png
  artifactKey: Guid(4a231ba0e81e63849a8f985c228e8acd) Importer(815301076,1909f56bfc062723c751e8b465ee728b)
Start importing Packages/com.unity.collab-proxy/Editor/PlasticSCM/Assets/Images/d_iconconflictresolvedoverlay@2x.png using Guid(4a231ba0e81e63849a8f985c228e8acd) Importer(815301076,1909f56bfc062723c751e8b465ee728b)  -> (artifact id: '375a0be615847fc936182ed761354caf') in 0.044068 seconds 
========================================================================
Received Import Request.
  Time since last request: 0.000047 seconds.
  path: Packages/com.unity.inputsystem/InputSystem/Editor/AssetEditor/Resources/pro/actionTreeBackgroundWithoutBorder.png
  artifactKey: Guid(943deaaee9c9347e0a455aa208526c42) Importer(815301076,1909f56bfc062723c751e8b465ee728b)
Start importing Packages/com.unity.inputsystem/InputSystem/Editor/AssetEditor/Resources/pro/actionTreeBackgroundWithoutBorder.png using Guid(943deaaee9c9347e0a455aa208526c42) Importer(815301076,1909f56bfc062723c751e8b465ee728b)  -> (artifact id: 'b13d24397e1cc3830b94218f8700d6b9') in 0.040287 seconds 
========================================================================
Received Import Request.
  Time since last request: 6.575145 seconds.
  path: Packages/com.unity.inputsystem/InputSystem/Editor/AssetEditor/Resources/personal/foldoutBackground.png
  artifactKey: Guid(5ab69704aa4984b49bc426da72fabbed) Importer(815301076,1909f56bfc062723c751e8b465ee728b)
Start importing Packages/com.unity.inputsystem/InputSystem/Editor/AssetEditor/Resources/personal/foldoutBackground.png using Guid(5ab69704aa4984b49bc426da72fabbed) Importer(815301076,1909f56bfc062723c751e8b465ee728b)  -> (artifact id: '92cc0a136e48fe7dc0f02356feb6d661') in 0.035008 seconds 
========================================================================
Received Import Request.
  Time since last request: 6.647262 seconds.
  path: Assets/TreePackVol.1/Textures/4ca84268e761f81a8b89dcdee4a12b50.psd
  artifactKey: Guid(c15429138818a264a9fd332ab789ea92) Importer(815301076,1909f56bfc062723c751e8b465ee728b)
Start importing Assets/TreePackVol.1/Textures/4ca84268e761f81a8b89dcdee4a12b50.psd using Guid(c15429138818a264a9fd332ab789ea92) Importer(815301076,1909f56bfc062723c751e8b465ee728b)  -> (artifact id: '1677e63c72c16b08c1e38160a2fe195f') in 0.072500 seconds 
========================================================================
Received Import Request.
  Time since last request: 0.000025 seconds.
  path: Assets/Elementos_Cena/Cartas/Cartas_Desafio/Cartas_Desafio/5-Resp.C.png
  artifactKey: Guid(613711624e645d94998182b77b11267a) Importer(815301076,1909f56bfc062723c751e8b465ee728b)
Start importing Assets/Elementos_Cena/Cartas/Cartas_Desafio/Cartas_Desafio/5-Resp.C.png using Guid(613711624e645d94998182b77b11267a) Importer(815301076,1909f56bfc062723c751e8b465ee728b)  -> (artifact id: 'ea238c09578eeace51387129a84fda69') in 0.054225 seconds 
========================================================================
Received Import Request.
  Time since last request: 0.185547 seconds.
  path: Assets/Elementos_Cena/Cartas/Cartas_Desafio/Cartas_Desafio/6-Resp.C.png
  artifactKey: Guid(47a7c30c0b02a0e448322c5a469843f3) Importer(815301076,1909f56bfc062723c751e8b465ee728b)
Start importing Assets/Elementos_Cena/Cartas/Cartas_Desafio/Cartas_Desafio/6-Resp.C.png using Guid(47a7c30c0b02a0e448322c5a469843f3) Importer(815301076,1909f56bfc062723c751e8b465ee728b)  -> (artifact id: '74915c00db463d20eb9e531fce6b5165') in 0.064653 seconds 
========================================================================
Received Import Request.
  Time since last request: 0.000030 seconds.
  path: Assets/Elementos_Cena/Cartas/Cartas_Acao/9 - Sustentabilidade.png
  artifactKey: Guid(6e1f7bb1d95d9d14ca7859365196fc94) Importer(815301076,1909f56bfc062723c751e8b465ee728b)
Start importing Assets/Elementos_Cena/Cartas/Cartas_Acao/9 - Sustentabilidade.png using Guid(6e1f7bb1d95d9d14ca7859365196fc94) Importer(815301076,1909f56bfc062723c751e8b465ee728b)  -> (artifact id: '248d7dd5da7cf4c31c09b250bfde52ae') in 0.054492 seconds 
========================================================================
Received Import Request.
  Time since last request: 0.000037 seconds.
  path: Assets/Elementos_Cena/Cartas/Cartas_Desafio/Cartas_Desafio/9-Resp.A.png
  artifactKey: Guid(5d9c41c3d2ab3bc48a2f1751f5efdab7) Importer(815301076,1909f56bfc062723c751e8b465ee728b)
Start importing Assets/Elementos_Cena/Cartas/Cartas_Desafio/Cartas_Desafio/9-Resp.A.png using Guid(5d9c41c3d2ab3bc48a2f1751f5efdab7) Importer(815301076,1909f56bfc062723c751e8b465ee728b)  -> (artifact id: '93ce7f726ef5236d08ab0372d02271d6') in 0.056670 seconds 
========================================================================
Received Import Request.
  Time since last request: 0.000054 seconds.
  path: Assets/Elementos_Cena/Cartas/Cartas_Acao/8 - Cadeia da vida.png
  artifactKey: Guid(b90e96057ea78fb4c8b7197276fc1a22) Importer(815301076,1909f56bfc062723c751e8b465ee728b)
Start importing Assets/Elementos_Cena/Cartas/Cartas_Acao/8 - Cadeia da vida.png using Guid(b90e96057ea78fb4c8b7197276fc1a22) Importer(815301076,1909f56bfc062723c751e8b465ee728b)  -> (artifact id: 'a98ed8ba28aae72c529e31529290aa06') in 0.054514 seconds 
========================================================================
Received Import Request.
  Time since last request: 10.526744 seconds.
  path: Assets/Elementos_Cena/Arvores/Arvores_e_mais/Lowpoly_Environments/Sources/Textures/PT_Generic_Leaves_01.png
  artifactKey: Guid(55a083d549e055045948e2083099df16) Importer(815301076,1909f56bfc062723c751e8b465ee728b)
Start importing Assets/Elementos_Cena/Arvores/Arvores_e_mais/Lowpoly_Environments/Sources/Textures/PT_Generic_Leaves_01.png using Guid(55a083d549e055045948e2083099df16) Importer(815301076,1909f56bfc062723c751e8b465ee728b)  -> (artifact id: '5c2488e631602026c78e440711093af8') in 0.073462 seconds 
========================================================================
Received Import Request.
  Time since last request: 0.000097 seconds.
  path: Assets/TreePackVol.1/Textures/Textures/Leaf/TexturesCom_Leaves0153_1_alphamasked_S.psd
  artifactKey: Guid(58aa48a9386712444a4cd899c7417fbf) Importer(815301076,1909f56bfc062723c751e8b465ee728b)
Start importing Assets/TreePackVol.1/Textures/Textures/Leaf/TexturesCom_Leaves0153_1_alphamasked_S.psd using Guid(58aa48a9386712444a4cd899c7417fbf) Importer(815301076,1909f56bfc062723c751e8b465ee728b)  -> (artifact id: '43e7b576b44ac016d59facd62856e62e') in 0.086550 seconds 
========================================================================
Received Import Request.
  Time since last request: 0.000042 seconds.
  path: Assets/TreePackVol.1/Textures/Textures/Leaf/TexturesCom_Leaves0089_1_alphamasked_S.png
  artifactKey: Guid(09ee2f232fd5ffd4b8b72259b02e0e72) Importer(815301076,1909f56bfc062723c751e8b465ee728b)
Start importing Assets/TreePackVol.1/Textures/Textures/Leaf/TexturesCom_Leaves0089_1_alphamasked_S.png using Guid(09ee2f232fd5ffd4b8b72259b02e0e72) Importer(815301076,1909f56bfc062723c751e8b465ee728b)  -> (artifact id: '02da28faaa7f1ca0ffe62f7f1864c7a3') in 0.059339 seconds 
========================================================================
Received Import Request.
  Time since last request: 0.000028 seconds.
  path: Assets/TreePackVol.1/Textures/Textures/Leaf/TexturesCom_Leaves0155_2_alphamasked_S.png
  artifactKey: Guid(561f608e078fa1645ab53bf9491429a4) Importer(815301076,1909f56bfc062723c751e8b465ee728b)
Start importing Assets/TreePackVol.1/Textures/Textures/Leaf/TexturesCom_Leaves0155_2_alphamasked_S.png using Guid(561f608e078fa1645ab53bf9491429a4) Importer(815301076,1909f56bfc062723c751e8b465ee728b)  -> (artifact id: '608f5f91261197e4283a29ae3282cc16') in 0.039818 seconds 
========================================================================
Received Import Request.
  Time since last request: 0.000037 seconds.
  path: Assets/TreePackVol.1/Textures/Textures/Leaf/TexturesCom_Leaves0153_3_alphamasked_S.png
  artifactKey: Guid(5b685e5c0e6969945b20f0dcf43471ab) Importer(815301076,1909f56bfc062723c751e8b465ee728b)
Start importing Assets/TreePackVol.1/Textures/Textures/Leaf/TexturesCom_Leaves0153_3_alphamasked_S.png using Guid(5b685e5c0e6969945b20f0dcf43471ab) Importer(815301076,1909f56bfc062723c751e8b465ee728b)  -> (artifact id: '1dee0f8a806aa0ac500c918118fe1db3') in 0.040856 seconds 
========================================================================
Received Import Request.
  Time since last request: 0.733088 seconds.
  path: Assets/FantasyEnvironments/Environments/Ambient-Occlusion-Trees/Textures/Pine_leaves.tga
  artifactKey: Guid(5ca33a2f612a3524386f15979e986c40) Importer(815301076,1909f56bfc062723c751e8b465ee728b)
Start importing Assets/FantasyEnvironments/Environments/Ambient-Occlusion-Trees/Textures/Pine_leaves.tga using Guid(5ca33a2f612a3524386f15979e986c40) Importer(815301076,1909f56bfc062723c751e8b465ee728b)  -> (artifact id: 'c1ec32d214337cc784409fa5ab7bd838') in 0.042702 seconds 
========================================================================
Received Import Request.
  Time since last request: 3.130238 seconds.
  path: Assets/TreePackVol.1/Textures/Textures/Leaf/TexturesCom_Leaves0161_1_alphamasked_S.png
  artifactKey: Guid(7d54feb4e224dba42b4084a687e6cf05) Importer(815301076,1909f56bfc062723c751e8b465ee728b)
Start importing Assets/TreePackVol.1/Textures/Textures/Leaf/TexturesCom_Leaves0161_1_alphamasked_S.png using Guid(7d54feb4e224dba42b4084a687e6cf05) Importer(815301076,1909f56bfc062723c751e8b465ee728b)  -> (artifact id: 'f3454e938141c44e3faedb04df4e3da9') in 0.044109 seconds 
========================================================================
Received Import Request.
  Time since last request: 0.000027 seconds.
  path: Assets/TreePackVol.1/Textures/Textures/Leaf/TexturesCom_LeavesTropical0039_1_alphamasked_S.png
  artifactKey: Guid(5bdbb36afc45dda4a9dad215fd3664b1) Importer(815301076,1909f56bfc062723c751e8b465ee728b)
Start importing Assets/TreePackVol.1/Textures/Textures/Leaf/TexturesCom_LeavesTropical0039_1_alphamasked_S.png using Guid(5bdbb36afc45dda4a9dad215fd3664b1) Importer(815301076,1909f56bfc062723c751e8b465ee728b)  -> (artifact id: '3dcadeca3b87bcbb655eb77399a0ebfc') in 0.042585 seconds 
========================================================================
Received Import Request.
  Time since last request: 2.914336 seconds.
  path: Assets/TreePackVol.1/Textures/Textures/Leaf/TexturesCom_LeavesTropical0145_1_alphamasked_S.png
  artifactKey: Guid(65752c7d81d095040bb7b3e431c7297d) Importer(815301076,1909f56bfc062723c751e8b465ee728b)
Start importing Assets/TreePackVol.1/Textures/Textures/Leaf/TexturesCom_LeavesTropical0145_1_alphamasked_S.png using Guid(65752c7d81d095040bb7b3e431c7297d) Importer(815301076,1909f56bfc062723c751e8b465ee728b)  -> (artifact id: 'efddc59de99cafbc363013d28f3dba27') in 0.039662 seconds 
========================================================================
Received Import Request.
  Time since last request: 0.062781 seconds.
  path: Assets/TreePackVol.1/Textures/Textures/Leaf/TexturesCom_LeavesTropical0218_1_alphamasked_S.png
  artifactKey: Guid(9d3b8786c7de2a946bebb2c8977ce150) Importer(815301076,1909f56bfc062723c751e8b465ee728b)
Start importing Assets/TreePackVol.1/Textures/Textures/Leaf/TexturesCom_LeavesTropical0218_1_alphamasked_S.png using Guid(9d3b8786c7de2a946bebb2c8977ce150) Importer(815301076,1909f56bfc062723c751e8b465ee728b)  -> (artifact id: '3bfce974bcf2a71237bfb24d6fead9be') in 0.035901 seconds 
========================================================================
Received Import Request.
  Time since last request: 0.000037 seconds.
  path: Assets/FantasyEnvironments/Environments/Ambient-Occlusion-Trees/Textures/Tree_leaves1.tga
  artifactKey: Guid(00ec082e8158e464497f0764cfdb848b) Importer(815301076,1909f56bfc062723c751e8b465ee728b)
Start importing Assets/FantasyEnvironments/Environments/Ambient-Occlusion-Trees/Textures/Tree_leaves1.tga using Guid(00ec082e8158e464497f0764cfdb848b) Importer(815301076,1909f56bfc062723c751e8b465ee728b)  -> (artifact id: '77f28c8317b99dcf440a4db8c4a472c0') in 0.046226 seconds 
========================================================================
Received Import Request.
  Time since last request: 1.173183 seconds.
  path: Assets/FantasyEnvironments/Environments/Ambient-Occlusion-Trees/Textures/Willow_leaves.tga
  artifactKey: Guid(7987c5bb233b761468b48880edf7eee1) Importer(815301076,1909f56bfc062723c751e8b465ee728b)
Start importing Assets/FantasyEnvironments/Environments/Ambient-Occlusion-Trees/Textures/Willow_leaves.tga using Guid(7987c5bb233b761468b48880edf7eee1) Importer(815301076,1909f56bfc062723c751e8b465ee728b)  -> (artifact id: 'd93f5a822891346c16baf8a1ed52564e') in 0.035271 seconds 
========================================================================
Received Import Request.
  Time since last request: 24.749212 seconds.
  path: Assets/Elementos_Cena/Arvores/Arvores_e_mais/Lowpoly_Environments/Sources/Textures/PT_Fruit_Tree_Flowers_01.png
  artifactKey: Guid(724a83e90c1cd7b4b9d1b71dd08962b6) Importer(815301076,1909f56bfc062723c751e8b465ee728b)
Start importing Assets/Elementos_Cena/Arvores/Arvores_e_mais/Lowpoly_Environments/Sources/Textures/PT_Fruit_Tree_Flowers_01.png using Guid(724a83e90c1cd7b4b9d1b71dd08962b6) Importer(815301076,1909f56bfc062723c751e8b465ee728b)  -> (artifact id: '269d24a31c47793101ffe3a4f7e9c56a') in 0.064324 seconds 
========================================================================
Received Import Request.
  Time since last request: 0.000030 seconds.
  path: Assets/Elementos_Cena/Arvores/Arvores_e_mais/Lowpoly_Environments/Sources/Textures/PT_Grass_02.png
  artifactKey: Guid(f2a86d9c4950f4c4e81271677d2e2624) Importer(815301076,1909f56bfc062723c751e8b465ee728b)
Start importing Assets/Elementos_Cena/Arvores/Arvores_e_mais/Lowpoly_Environments/Sources/Textures/PT_Grass_02.png using Guid(f2a86d9c4950f4c4e81271677d2e2624) Importer(815301076,1909f56bfc062723c751e8b465ee728b)  -> (artifact id: '2021f03d6c141ef982eada142eb38e1c') in 0.041836 seconds 
========================================================================
Received Import Request.
  Time since last request: 0.000027 seconds.
  path: Assets/Elementos_Cena/Arvores/Arvores_e_mais/Lowpoly_Environments/Sources/Textures/PT_Grass_03.png
  artifactKey: Guid(44ec7a3e14f0b854d8926cad83222db5) Importer(815301076,1909f56bfc062723c751e8b465ee728b)
Start importing Assets/Elementos_Cena/Arvores/Arvores_e_mais/Lowpoly_Environments/Sources/Textures/PT_Grass_03.png using Guid(44ec7a3e14f0b854d8926cad83222db5) Importer(815301076,1909f56bfc062723c751e8b465ee728b)  -> (artifact id: 'ae8e0bbfaa1eccff5ee9380410aa1b58') in 0.045990 seconds 
========================================================================
Received Import Request.
  Time since last request: 0.678083 seconds.
  path: Packages/com.unity.inputsystem/InputSystem/Editor/AssetEditor/Resources/pro/propertiesBackground.png
  artifactKey: Guid(b02e3f0c0798a4f1789a89a7697660be) Importer(815301076,1909f56bfc062723c751e8b465ee728b)
Start importing Packages/com.unity.inputsystem/InputSystem/Editor/AssetEditor/Resources/pro/propertiesBackground.png using Guid(b02e3f0c0798a4f1789a89a7697660be) Importer(815301076,1909f56bfc062723c751e8b465ee728b)  -> (artifact id: '9ba7126ea799940213835c1ee98ba37d') in 0.037116 seconds 
========================================================================
Received Import Request.
  Time since last request: 0.848565 seconds.
  path: Packages/com.unity.postprocessing/PostProcessing/Gizmos/PostProcessLayer.png
  artifactKey: Guid(5f51e0b22aa8cb84b9f422576ce87ff9) Importer(815301076,1909f56bfc062723c751e8b465ee728b)
Start importing Packages/com.unity.postprocessing/PostProcessing/Gizmos/PostProcessLayer.png using Guid(5f51e0b22aa8cb84b9f422576ce87ff9) Importer(815301076,1909f56bfc062723c751e8b465ee728b)  -> (artifact id: 'cad029686df8b6e31507eb9dc942694c') in 0.032127 seconds 
========================================================================
Received Import Request.
  Time since last request: 0.073548 seconds.
  path: Packages/com.unity.inputsystem/InputSystem/Editor/Icons/Position@3x.png
  artifactKey: Guid(a43c2c10c85c448b584c8f2840f86915) Importer(815301076,1909f56bfc062723c751e8b465ee728b)
Start importing Packages/com.unity.inputsystem/InputSystem/Editor/Icons/Position@3x.png using Guid(a43c2c10c85c448b584c8f2840f86915) Importer(815301076,1909f56bfc062723c751e8b465ee728b)  -> (artifact id: 'f2c804629ea3bb0f1721dd4533519212') in 0.042609 seconds 
========================================================================
Received Import Request.
  Time since last request: 1.559924 seconds.
  path: Packages/com.unity.inputsystem/InputSystem/Editor/Icons/Position.png
  artifactKey: Guid(5684eb521fa99491e9061de682d1622e) Importer(815301076,1909f56bfc062723c751e8b465ee728b)
Start importing Packages/com.unity.inputsystem/InputSystem/Editor/Icons/Position.png using Guid(5684eb521fa99491e9061de682d1622e) Importer(815301076,1909f56bfc062723c751e8b465ee728b)  -> (artifact id: '4f9e07ccaf2e758a574064f5b48f2d82') in 0.030830 seconds 
========================================================================
Received Import Request.
  Time since last request: 0.064253 seconds.
  path: Assets/Elementos_Cena/Hub/Modern Menu 1/Fonts/Poppins-Bold SDF.asset
  artifactKey: Guid(59ee34472c5892a4196858080cc2141e) Importer(815301076,1909f56bfc062723c751e8b465ee728b)
Start importing Assets/Elementos_Cena/Hub/Modern Menu 1/Fonts/Poppins-Bold SDF.asset using Guid(59ee34472c5892a4196858080cc2141e) Importer(815301076,1909f56bfc062723c751e8b465ee728b)  -> (artifact id: 'e21e1b2540192b16c97a4f5d5c4f3c8a') in 0.122412 seconds 
========================================================================
Received Import Request.
  Time since last request: 0.283627 seconds.
  path: Assets/Elementos_Cena/Placas/Placas Objeto Exp/Placa_Ninho/poe8.png
  artifactKey: Guid(3f732c73b61c0414397ae41c9d35f7f8) Importer(815301076,1909f56bfc062723c751e8b465ee728b)
Start importing Assets/Elementos_Cena/Placas/Placas Objeto Exp/Placa_Ninho/poe8.png using Guid(3f732c73b61c0414397ae41c9d35f7f8) Importer(815301076,1909f56bfc062723c751e8b465ee728b)  -> (artifact id: '7d2fbbb1d9fdfbe7b0691f44eda8c6dd') in 0.039256 seconds 
========================================================================
Received Import Request.
  Time since last request: 0.067220 seconds.
  path: Assets/Oculus/Interaction/Samples/Objects/Props/BigRedButton/Textures/Podium/Podium_SpecularSmoothness.png
  artifactKey: Guid(d067328b96a9e22468bb2cbd30c51050) Importer(815301076,1909f56bfc062723c751e8b465ee728b)
Start importing Assets/Oculus/Interaction/Samples/Objects/Props/BigRedButton/Textures/Podium/Podium_SpecularSmoothness.png using Guid(d067328b96a9e22468bb2cbd30c51050) Importer(815301076,1909f56bfc062723c751e8b465ee728b)  -> (artifact id: '31a7ffd434f46a32425e950f29317a23') in 0.041486 seconds 
========================================================================
Received Import Request.
  Time since last request: 0.000075 seconds.
  path: Assets/Oculus/Interaction/Samples/Objects/Props/BigRedButton/Textures/Podium/Podium_AO.png
  artifactKey: Guid(48b5754585338eb40872d655be3f9d31) Importer(815301076,1909f56bfc062723c751e8b465ee728b)
Start importing Assets/Oculus/Interaction/Samples/Objects/Props/BigRedButton/Textures/Podium/Podium_AO.png using Guid(48b5754585338eb40872d655be3f9d31) Importer(815301076,1909f56bfc062723c751e8b465ee728b)  -> (artifact id: '8e5cbde910b71a75085e8b1d34f5fed6') in 0.042067 seconds 
========================================================================
Received Import Request.
  Time since last request: 0.332256 seconds.
  path: Assets/Oculus/Interaction/Samples/Objects/Props/Plants/Textures/PlantSetMat_Normal.png
  artifactKey: Guid(88e27d617c8af234183b75d63321c623) Importer(815301076,1909f56bfc062723c751e8b465ee728b)
Start importing Assets/Oculus/Interaction/Samples/Objects/Props/Plants/Textures/PlantSetMat_Normal.png using Guid(88e27d617c8af234183b75d63321c623) Importer(815301076,1909f56bfc062723c751e8b465ee728b)  -> (artifact id: '66c82dcb57babca013fc2bcaa1bf9b3f') in 0.047127 seconds 
========================================================================
Received Import Request.
  Time since last request: 0.000053 seconds.
  path: Assets/Oculus/Interaction/Samples/Objects/Props/Plants/Textures/PlantSetMat_Albedo.png
  artifactKey: Guid(423ca6e1b31840c418cba95f228aec8c) Importer(815301076,1909f56bfc062723c751e8b465ee728b)
Start importing Assets/Oculus/Interaction/Samples/Objects/Props/Plants/Textures/PlantSetMat_Albedo.png using Guid(423ca6e1b31840c418cba95f228aec8c) Importer(815301076,1909f56bfc062723c751e8b465ee728b)  -> (artifact id: 'c824ee081ba40b6244402a245cefb2ca') in 0.055264 seconds 
========================================================================
Received Import Request.
  Time since last request: 0.000031 seconds.
  path: Packages/com.unity.inputsystem/InputSystem/Editor/AssetEditor/Resources/pink.png
  artifactKey: Guid(d7b144323984d4298924c65ed071dea1) Importer(815301076,1909f56bfc062723c751e8b465ee728b)
Start importing Packages/com.unity.inputsystem/InputSystem/Editor/AssetEditor/Resources/pink.png using Guid(d7b144323984d4298924c65ed071dea1) Importer(815301076,1909f56bfc062723c751e8b465ee728b)  -> (artifact id: '4c647b31b80f2b211603e0627452f4f0') in 0.031911 seconds 
========================================================================
Received Import Request.
  Time since last request: 0.366773 seconds.
  path: Assets/Oode studios/Lowpoly nature/Textures/Pine trees/Pine tree 005.png
  artifactKey: Guid(df62f7a832e634b41aa684bb6b76907c) Importer(815301076,1909f56bfc062723c751e8b465ee728b)
Start importing Assets/Oode studios/Lowpoly nature/Textures/Pine trees/Pine tree 005.png using Guid(df62f7a832e634b41aa684bb6b76907c) Importer(815301076,1909f56bfc062723c751e8b465ee728b)  -> (artifact id: '1706baaaf5a677a7d7b78ca755298541') in 0.071936 seconds 
========================================================================
Received Import Request.
  Time since last request: 0.000072 seconds.
  path: Assets/Oode studios/Lowpoly nature/Textures/Pine trees/Pine tree 004.png
  artifactKey: Guid(70c99c3ef9f2188498dcf079f9b7d4b5) Importer(815301076,1909f56bfc062723c751e8b465ee728b)
Start importing Assets/Oode studios/Lowpoly nature/Textures/Pine trees/Pine tree 004.png using Guid(70c99c3ef9f2188498dcf079f9b7d4b5) Importer(815301076,1909f56bfc062723c751e8b465ee728b)  -> (artifact id: '016f43043666a17921ba0ab136766fce') in 0.067976 seconds 
========================================================================
Received Import Request.
  Time since last request: 0.872305 seconds.
  path: Assets/Oode studios/Lowpoly nature/Textures/Pine trees/Pine tree 001.png
  artifactKey: Guid(207e5642569e57644be19296fd47dfd4) Importer(815301076,1909f56bfc062723c751e8b465ee728b)
Start importing Assets/Oode studios/Lowpoly nature/Textures/Pine trees/Pine tree 001.png using Guid(207e5642569e57644be19296fd47dfd4) Importer(815301076,1909f56bfc062723c751e8b465ee728b)  -> (artifact id: '46b6b370354e17f66e8bbfab0ea261c5') in 0.079111 seconds 
========================================================================
Received Import Request.
  Time since last request: 0.000026 seconds.
  path: Assets/Water/VWater/Materials/Textures/perlin_noise.png
  artifactKey: Guid(5262f7447a4bc0f478f4d6a87e7379da) Importer(815301076,1909f56bfc062723c751e8b465ee728b)
Start importing Assets/Water/VWater/Materials/Textures/perlin_noise.png using Guid(5262f7447a4bc0f478f4d6a87e7379da) Importer(815301076,1909f56bfc062723c751e8b465ee728b)  -> (artifact id: '0841ceb020469396be4afb573a31da59') in 0.038953 seconds 
========================================================================
Received Import Request.
  Time since last request: 0.022104 seconds.
  path: Packages/com.unity.inputsystem/InputSystem/Editor/Icons/Pen@3x.png
  artifactKey: Guid(1bf9cdd4bc492489c8c7c6190785fc48) Importer(815301076,1909f56bfc062723c751e8b465ee728b)
Start importing Packages/com.unity.inputsystem/InputSystem/Editor/Icons/Pen@3x.png using Guid(1bf9cdd4bc492489c8c7c6190785fc48) Importer(815301076,1909f56bfc062723c751e8b465ee728b)  -> (artifact id: '5ecf4ae374f9fda8bd1b3a07b0a61310') in 0.030630 seconds 
========================================================================
Received Import Request.
  Time since last request: 1.528002 seconds.
  path: Assets/TreePackVol.1/Textures/Textures/Palm/palm.psd
  artifactKey: Guid(3fda333d7cada4c4ba4e575b965036ba) Importer(815301076,1909f56bfc062723c751e8b465ee728b)
Start importing Assets/TreePackVol.1/Textures/Textures/Palm/palm.psd using Guid(3fda333d7cada4c4ba4e575b965036ba) Importer(815301076,1909f56bfc062723c751e8b465ee728b)  -> (artifact id: '222c559fc8569a0fa556e2bf3820a0bf') in 0.067452 seconds 
========================================================================
Received Import Request.
  Time since last request: 0.000032 seconds.
  path: Assets/Elementos_Cena/Chao/ground_vol1/ground3/ground3_Normal.tga
  artifactKey: Guid(c138e91626b4607499e005102913a875) Importer(815301076,1909f56bfc062723c751e8b465ee728b)
Start importing Assets/Elementos_Cena/Chao/ground_vol1/ground3/ground3_Normal.tga using Guid(c138e91626b4607499e005102913a875) Importer(815301076,1909f56bfc062723c751e8b465ee728b)  -> (artifact id: '947a3e88dab7a723873ecf3d11630668') in 0.049357 seconds 
========================================================================
Received Import Request.
  Time since last request: 0.000047 seconds.
  path: Assets/Oculus/SampleFramework/Core/DebugUI/Textures/panel_background.PNG
  artifactKey: Guid(d929e2a65a1cbc54dacdbdcdb33165e2) Importer(815301076,1909f56bfc062723c751e8b465ee728b)
Start importing Assets/Oculus/SampleFramework/Core/DebugUI/Textures/panel_background.PNG using Guid(d929e2a65a1cbc54dacdbdcdb33165e2) Importer(815301076,1909f56bfc062723c751e8b465ee728b)  -> (artifact id: '45c364190cc3c7ee26a39dcce40dbd44') in 0.047549 seconds 
========================================================================
Received Import Request.
  Time since last request: 0.000034 seconds.
  path: Packages/com.unity.collab-proxy/Editor/Collaborate/Assets/Icons/merge-light@2x.png
  artifactKey: Guid(52c8930beb5f2774ebec26a86c7e9713) Importer(815301076,1909f56bfc062723c751e8b465ee728b)
Start importing Packages/com.unity.collab-proxy/Editor/Collaborate/Assets/Icons/merge-light@2x.png using Guid(52c8930beb5f2774ebec26a86c7e9713) Importer(815301076,1909f56bfc062723c751e8b465ee728b)  -> (artifact id: '5a61b9d03f3f04f423b8ee718c335b20') in 0.033384 seconds 
========================================================================
Received Import Request.
  Time since last request: 0.000077 seconds.
  path: Assets/Oculus/SampleFramework/Usage/Locomotion/Textures/metal_01_msm.tga
  artifactKey: Guid(1365d5b35d17d0a44beb3ab9fbf93580) Importer(815301076,1909f56bfc062723c751e8b465ee728b)
Start importing Assets/Oculus/SampleFramework/Usage/Locomotion/Textures/metal_01_msm.tga using Guid(1365d5b35d17d0a44beb3ab9fbf93580) Importer(815301076,1909f56bfc062723c751e8b465ee728b)  -> (artifact id: '2dd3edb8949fc3bd6dac085e4e865bfd') in 0.051001 seconds 
========================================================================
Received Import Request.
  Time since last request: 0.000050 seconds.
  path: Assets/Oculus/Interaction/Samples/Textures/Passed.png
  artifactKey: Guid(689fbbf121969704bb7d556d8a07eb60) Importer(815301076,1909f56bfc062723c751e8b465ee728b)
Start importing Assets/Oculus/Interaction/Samples/Textures/Passed.png using Guid(689fbbf121969704bb7d556d8a07eb60) Importer(815301076,1909f56bfc062723c751e8b465ee728b)  -> (artifact id: '03dc4e843cb36a61dd04d368b65a0692') in 0.039416 seconds 
========================================================================
Received Import Request.
  Time since last request: 0.000058 seconds.
  path: Assets/Elementos_Cena/Arvores/Arbustos/Standard Assets/Effects/TessellationShaders/Textures/CliffNormals.png
  artifactKey: Guid(e08c295755c0885479ad19f518286ff2) Importer(815301076,1909f56bfc062723c751e8b465ee728b)
Start importing Assets/Elementos_Cena/Arvores/Arbustos/Standard Assets/Effects/TessellationShaders/Textures/CliffNormals.png using Guid(e08c295755c0885479ad19f518286ff2) Importer(815301076,1909f56bfc062723c751e8b465ee728b)  -> (artifact id: '175dd5fd3c249ee705df0f759a756124') in 0.041401 seconds 
========================================================================
Received Import Request.
  Time since last request: 0.000057 seconds.
  path: Assets/Elementos_Cena/Hub/Modern Menu 1/Graphics/Frames/Panel Frame 512px.png
  artifactKey: Guid(77d3c62c476ec1b4a8057b7591ff68d1) Importer(815301076,1909f56bfc062723c751e8b465ee728b)
Start importing Assets/Elementos_Cena/Hub/Modern Menu 1/Graphics/Frames/Panel Frame 512px.png using Guid(77d3c62c476ec1b4a8057b7591ff68d1) Importer(815301076,1909f56bfc062723c751e8b465ee728b)  -> (artifact id: 'a70d2791df5099a9bf42993ba9e39ab9') in 0.051649 seconds 
========================================================================
Received Import Request.
  Time since last request: 0.000052 seconds.
  path: Assets/Oculus/Interaction/Samples/Objects/Props/CoffeeCup/CoffeeCup_Metal.png
  artifactKey: Guid(e2b846e7aa310ea4f97e3066f292b23f) Importer(815301076,1909f56bfc062723c751e8b465ee728b)
Start importing Assets/Oculus/Interaction/Samples/Objects/Props/CoffeeCup/CoffeeCup_Metal.png using Guid(e2b846e7aa310ea4f97e3066f292b23f) Importer(815301076,1909f56bfc062723c751e8b465ee728b)  -> (artifact id: 'ec0840a580ca1fe356333a0128cb0b99') in 0.038097 seconds 
========================================================================
Received Import Request.
  Time since last request: 0.000030 seconds.
  path: Assets/Elementos_Cena/Peao/Pawn/Texture/PawnDiffuse.png
  artifactKey: Guid(360aff94b8d70254085c1047f1aa0f54) Importer(815301076,1909f56bfc062723c751e8b465ee728b)
Start importing Assets/Elementos_Cena/Peao/Pawn/Texture/PawnDiffuse.png using Guid(360aff94b8d70254085c1047f1aa0f54) Importer(815301076,1909f56bfc062723c751e8b465ee728b)  -> (artifact id: '2009eecb76f4a9f35228bf6cae976f72') in 0.046759 seconds 
========================================================================
Received Import Request.
  Time since last request: 0.000063 seconds.
  path: Packages/com.unity.collab-proxy/Editor/Collaborate/Assets/Icons/merge-dark.png
  artifactKey: Guid(a7dda6e49f4dd1c4bb0fac36bf812173) Importer(815301076,1909f56bfc062723c751e8b465ee728b)
Start importing Packages/com.unity.collab-proxy/Editor/Collaborate/Assets/Icons/merge-dark.png using Guid(a7dda6e49f4dd1c4bb0fac36bf812173) Importer(815301076,1909f56bfc062723c751e8b465ee728b)  -> (artifact id: 'ad840b967e1b3a6f14172bc6ab233803') in 0.034829 seconds 
========================================================================
Received Import Request.
  Time since last request: 0.000028 seconds.
  path: Assets/Elementos_Cena/Chao/ground_vol1/ground3/ground3_Metallic.tga
  artifactKey: Guid(a55658d42f533714ebdf91ad5706ee74) Importer(815301076,1909f56bfc062723c751e8b465ee728b)
Start importing Assets/Elementos_Cena/Chao/ground_vol1/ground3/ground3_Metallic.tga using Guid(a55658d42f533714ebdf91ad5706ee74) Importer(815301076,1909f56bfc062723c751e8b465ee728b)  -> (artifact id: '9cd4dfde76dc95c3f013e228e2435526') in 0.045182 seconds 
========================================================================
Received Import Request.
  Time since last request: 0.000041 seconds.
  path: Assets/Oculus/SampleFramework/Usage/SharedAssets/Textures/metal_brushed_01_dif.png
  artifactKey: Guid(9e9f33564fb38524f86c25e26d1e10d4) Importer(815301076,1909f56bfc062723c751e8b465ee728b)
Start importing Assets/Oculus/SampleFramework/Usage/SharedAssets/Textures/metal_brushed_01_dif.png using Guid(9e9f33564fb38524f86c25e26d1e10d4) Importer(815301076,1909f56bfc062723c751e8b465ee728b)  -> (artifact id: '5fbfb4423e811636cf76e8a72e3782d6') in 0.043257 seconds 
========================================================================
Received Import Request.
  Time since last request: 0.000024 seconds.
  path: Assets/Oculus/Interaction/Samples/Objects/Environment/Locomotion/Textures/LocomotionRoom/MetaLocomotionBalcony.png
  artifactKey: Guid(6cafd05c3286c784fb8daeac86f3317c) Importer(815301076,1909f56bfc062723c751e8b465ee728b)
Start importing Assets/Oculus/Interaction/Samples/Objects/Environment/Locomotion/Textures/LocomotionRoom/MetaLocomotionBalcony.png using Guid(6cafd05c3286c784fb8daeac86f3317c) Importer(815301076,1909f56bfc062723c751e8b465ee728b)  -> (artifact id: '73410d335af8a0d25b78be3f5013fe8e') in 0.046397 seconds 
========================================================================
Received Import Request.
  Time since last request: 0.000030 seconds.
  path: Packages/com.unity.collab-proxy/Editor/Collaborate/Assets/Icons/clear-light@2x.png
  artifactKey: Guid(c84258b6921bcce45a57f68a07b2143f) Importer(815301076,1909f56bfc062723c751e8b465ee728b)
Start importing Packages/com.unity.collab-proxy/Editor/Collaborate/Assets/Icons/clear-light@2x.png using Guid(c84258b6921bcce45a57f68a07b2143f) Importer(815301076,1909f56bfc062723c751e8b465ee728b)  -> (artifact id: 'c976cb25a8a74b300adb6568859d4e6f') in 0.032171 seconds 
========================================================================
Received Import Request.
  Time since last request: 0.000027 seconds.
  path: Packages/com.unity.collab-proxy/Editor/Collaborate/Assets/Icons/clear-dark@2x.png
  artifactKey: Guid(c98f350e47082844fa2954de4d2d5ff9) Importer(815301076,1909f56bfc062723c751e8b465ee728b)
Start importing Packages/com.unity.collab-proxy/Editor/Collaborate/Assets/Icons/clear-dark@2x.png using Guid(c98f350e47082844fa2954de4d2d5ff9) Importer(815301076,1909f56bfc062723c751e8b465ee728b)  -> (artifact id: 'ca37c7ce12ca85104d1d24e79f8e0d32') in 0.034859 seconds 
========================================================================
Received Import Request.
  Time since last request: 0.000025 seconds.
  path: Assets/Elementos_Cena/Chao/ground_vol1/ground5/ground5_Ambient_Occlusion.tga
  artifactKey: Guid(03e262b3b2775504b8e1534cce498347) Importer(815301076,1909f56bfc062723c751e8b465ee728b)
Start importing Assets/Elementos_Cena/Chao/ground_vol1/ground5/ground5_Ambient_Occlusion.tga using Guid(03e262b3b2775504b8e1534cce498347) Importer(815301076,1909f56bfc062723c751e8b465ee728b)  -> (artifact id: 'a8d6fb8a4711b80ebd2bb2f442bf019d') in 0.073650 seconds 
========================================================================
Received Import Request.
  Time since last request: 0.000033 seconds.
  path: Assets/Elementos_Cena/Chao/ground_vol1/ground4/ground4_Ambient_Occlusion.tga
  artifactKey: Guid(1626b1dd9f03a1a4d87b2440d41208a8) Importer(815301076,1909f56bfc062723c751e8b465ee728b)
Start importing Assets/Elementos_Cena/Chao/ground_vol1/ground4/ground4_Ambient_Occlusion.tga using Guid(1626b1dd9f03a1a4d87b2440d41208a8) Importer(815301076,1909f56bfc062723c751e8b465ee728b)  -> (artifact id: '0d1bc7b3cb29bcb226b50183388c002f') in 0.045142 seconds 
========================================================================
Received Import Request.
  Time since last request: 0.000052 seconds.
  path: Packages/com.unity.collab-proxy/Editor/Collaborate/Assets/Icons/clear-light.png
  artifactKey: Guid(713aeedbd53e6b848a68d0755e7a2c74) Importer(815301076,1909f56bfc062723c751e8b465ee728b)
Start importing Packages/com.unity.collab-proxy/Editor/Collaborate/Assets/Icons/clear-light.png using Guid(713aeedbd53e6b848a68d0755e7a2c74) Importer(815301076,1909f56bfc062723c751e8b465ee728b)  -> (artifact id: 'f29d9a3c44b8b006cc4b9ea87b87270e') in 0.032017 seconds 
Editor requested this worker to shutdown with reason: Scaling down because of idle timeout
AssetImportWorker is now disconnected from the server
Process exiting
Exiting without the bug reporter. Application will terminate with return code 0